-------------------------------------------------------------------------------
Test set: com.handresc1127.automatizacion.RunnerTags
-------------------------------------------------------------------------------
Tests run: 336, Failures: 41, Errors: 83, Skipped: 0, Time elapsed: 9,556.49 s <<< FAILURE! - in com.handresc1127.automatizacion.RunnerTags
Paquetes - Prueba de Adherencia con la aplicaciÃ³n MySMS(Prueba de Adherencia de Paquetes)  Time elapsed: 45.717 s  <<< ERROR!
org.openqa.selenium.NoSuchElementException: 
no such element: Unable to locate element: {"method":"xpath","selector":"/html/body/div[4]/div[2]/div/div[2]/div/table/tbody/tr[3]/td/button[1]/div/div"}
  (Session info: headless chrome=71.0.3578.62)
  (Driver info: chromedriver=2.42.591071 (0b695ff80972cc1a65a5cd643186d2ae582cd4ac),platform=Linux 4.18.0-1-amd64 x86_64) (WARNING: The server did not provide any stacktrace information)
Command duration or timeout: 0 milliseconds
For documentation on this error, please visit: http://seleniumhq.org/exceptions/no_such_element.html
Build info: version: '3.14.0', revision: 'aacccce0', time: '2018-08-02T20:19:58.91Z'
System info: host: 'rutan', ip: '190.248.48.5', os.name: 'Linux', os.arch: 'amd64', os.version: '4.18.0-1-amd64', java.version: '1.8.0_181'
Driver info: org.openqa.selenium.remote.RemoteWebDriver
Capabilities {acceptInsecureCerts: false, acceptSslCerts: false, applicationCacheEnabled: false, browserConnectionEnabled: false, browserName: chrome, chrome: {chromedriverVersion: 2.42.591071 (0b695ff80972cc..., userDataDir: /tmp/.org.chromium.Chromium...}, cssSelectorsEnabled: true, databaseEnabled: false, goog:chromeOptions: {debuggerAddress: localhost:44467}, handlesAlerts: true, hasTouchScreen: false, javascriptEnabled: true, locationContextEnabled: true, mobileEmulationEnabled: false, nativeEvents: true, networkConnectionEnabled: false, pageLoadStrategy: normal, platform: LINUX, platformName: LINUX, rotatable: false, setWindowRect: true, takesHeapSnapshot: true, takesScreenshot: true, unexpectedAlertBehaviour: , unhandledPromptBehavior: , version: 71.0.3578.62, webStorageEnabled: true}
Session ID: eca4df787eca605e49192ac2ef1a4276
*** Element info: {Using=xpath, value=/html/body/div[4]/div[2]/div/div[2]/div/table/tbody/tr[3]/td/button[1]/div/div}

ValidaciÃ³n del campo "Fecha vencimiento" correcto(HU004 Llenado formulario TC)  Time elapsed: 43.856 s  <<< FAILURE!
java.lang.AssertionError: 

Expected: a string containing "button--secondary"
     but: was "button--inactive button--form--submit button js-form-submit form-submit"

ValidaciÃ³n del campo "Fecha vencimiento" correcto(HU004 Llenado formulario TC)  Time elapsed: 43.733 s  <<< FAILURE!
java.lang.AssertionError: 

Expected: a string containing "button--secondary"
     but: was "button--inactive button--form--submit button js-form-submit form-submit"

ValidaciÃ³n del campo "Fecha vencimiento" correcto(HU004 Llenado formulario TC)  Time elapsed: 46.413 s  <<< FAILURE!
java.lang.AssertionError: 

Expected: a string containing "button--secondary"
     but: was "button--inactive button--form--submit button js-form-submit form-submit"

Pasarela - TransacciÃ³n PSE obligatoriedad de campos(HU005 Llenado formulario TD)  Time elapsed: 35.727 s  <<< FAILURE!
java.lang.AssertionError: 

Expected: a string containing "CC"
     but: was ""

Pasarela - TransacciÃ³n PSE obligatoriedad de campos(HU005 Llenado formulario TD)  Time elapsed: 35.488 s  <<< FAILURE!
java.lang.AssertionError: 

Expected: a string containing "CC"
     but: was ""

Pasarela - TransacciÃ³n PSE obligatoriedad de campos(HU005 Llenado formulario TD)  Time elapsed: 34.268 s  <<< FAILURE!
java.lang.AssertionError: 

Expected: a string containing "CC"
     but: was ""

Pasarela - TransacciÃ³n PSE obligatoriedad de campos(HU005 Llenado formulario TD)  Time elapsed: 46.647 s  <<< ERROR!
org.openqa.selenium.InvalidElementStateException: 
invalid element state: Element is not currently interactable and may not be manipulated
  (Session info: headless chrome=71.0.3578.62)
  (Driver info: chromedriver=2.42.591071 (0b695ff80972cc1a65a5cd643186d2ae582cd4ac),platform=Linux 4.18.0-1-amd64 x86_64) (WARNING: The server did not provide any stacktrace information)
Command duration or timeout: 0 milliseconds
Build info: version: '3.14.0', revision: 'aacccce0', time: '2018-08-02T20:19:58.91Z'
System info: host: 'rutan', ip: '190.248.48.5', os.name: 'Linux', os.arch: 'amd64', os.version: '4.18.0-1-amd64', java.version: '1.8.0_181'
Driver info: org.openqa.selenium.remote.RemoteWebDriver
Capabilities {acceptInsecureCerts: false, acceptSslCerts: false, applicationCacheEnabled: false, browserConnectionEnabled: false, browserName: chrome, chrome: {chromedriverVersion: 2.42.591071 (0b695ff80972cc..., userDataDir: /tmp/.org.chromium.Chromium...}, cssSelectorsEnabled: true, databaseEnabled: false, goog:chromeOptions: {debuggerAddress: localhost:46383}, handlesAlerts: true, hasTouchScreen: false, javascriptEnabled: true, locationContextEnabled: true, mobileEmulationEnabled: false, nativeEvents: true, networkConnectionEnabled: false, pageLoadStrategy: normal, platform: LINUX, platformName: LINUX, rotatable: false, setWindowRect: true, takesHeapSnapshot: true, takesScreenshot: true, unexpectedAlertBehaviour: , unhandledPromptBehavior: , version: 71.0.3578.62, webStorageEnabled: true}
Session ID: 61fef919fa4ae7380511981a2166e612

Pasarela - TransacciÃ³n PSE obligatoriedad de campos(HU005 Llenado formulario TD)  Time elapsed: 37.143 s  <<< FAILURE!
java.lang.AssertionError: 

Expected: a string containing "CC"
     but: was ""

Pasarela - TransacciÃ³n PSE obligatoriedad de campos(HU005 Llenado formulario TD)  Time elapsed: 38.609 s  <<< FAILURE!
java.lang.AssertionError: 

Expected: a string containing "CC"
     but: was ""

Pasarela - Texto en el campo Tu lÃ­nea Tigo(HU007 ValidaciÃ³n nÃºmero Invalido Celular)  Time elapsed: 7.598 s  <<< FAILURE!
org.junit.ComparisonFailure: expected:<...o e intenta de nuevo[]> but was:<...o e intenta de nuevo[.]>

Pasarela - Texto en el campo Tu lÃ­nea Tigo(HU007 ValidaciÃ³n nÃºmero Invalido Celular)  Time elapsed: 10.937 s  <<< FAILURE!
org.junit.ComparisonFailure: expected:<...o e intenta de nuevo[]> but was:<...o e intenta de nuevo[.]>

Pasarela - Tu lÃ­nea tigo de menos de 10 dÃ­gitos(HU007 ValidaciÃ³n nÃºmero Invalido Celular)  Time elapsed: 30.316 s  <<< ERROR!
org.openqa.selenium.NoSuchElementException: 
no such element: Unable to locate element: {"method":"id","selector":"title-init"}
  (Session info: headless chrome=71.0.3578.62)
  (Driver info: chromedriver=2.42.591071 (0b695ff80972cc1a65a5cd643186d2ae582cd4ac),platform=Linux 4.18.0-1-amd64 x86_64) (WARNING: The server did not provide any stacktrace information)
Command duration or timeout: 0 milliseconds
For documentation on this error, please visit: http://seleniumhq.org/exceptions/no_such_element.html
Build info: version: '3.14.0', revision: 'aacccce0', time: '2018-08-02T20:19:58.91Z'
System info: host: 'rutan', ip: '190.248.48.5', os.name: 'Linux', os.arch: 'amd64', os.version: '4.18.0-1-amd64', java.version: '1.8.0_181'
Driver info: org.openqa.selenium.remote.RemoteWebDriver
Capabilities {acceptInsecureCerts: false, acceptSslCerts: false, applicationCacheEnabled: false, browserConnectionEnabled: false, browserName: chrome, chrome: {chromedriverVersion: 2.42.591071 (0b695ff80972cc..., userDataDir: /tmp/.org.chromium.Chromium...}, cssSelectorsEnabled: true, databaseEnabled: false, goog:chromeOptions: {debuggerAddress: localhost:42235}, handlesAlerts: true, hasTouchScreen: false, javascriptEnabled: true, locationContextEnabled: true, mobileEmulationEnabled: false, nativeEvents: true, networkConnectionEnabled: false, pageLoadStrategy: normal, platform: LINUX, platformName: LINUX, rotatable: false, setWindowRect: true, takesHeapSnapshot: true, takesScreenshot: true, unexpectedAlertBehaviour: , unhandledPromptBehavior: , version: 71.0.3578.62, webStorageEnabled: true}
Session ID: d788be2165240ce018c7e1463e9361dd
*** Element info: {Using=id, value=title-init}

Pasarela - Tu lÃ­nea tigo de menos de 10 dÃ­gitos(HU007 ValidaciÃ³n nÃºmero Invalido Celular)  Time elapsed: 33.811 s  <<< ERROR!
org.openqa.selenium.NoSuchElementException: 
no such element: Unable to locate element: {"method":"id","selector":"title-init"}
  (Session info: headless chrome=71.0.3578.62)
  (Driver info: chromedriver=2.42.591071 (0b695ff80972cc1a65a5cd643186d2ae582cd4ac),platform=Linux 4.18.0-1-amd64 x86_64) (WARNING: The server did not provide any stacktrace information)
Command duration or timeout: 0 milliseconds
For documentation on this error, please visit: http://seleniumhq.org/exceptions/no_such_element.html
Build info: version: '3.14.0', revision: 'aacccce0', time: '2018-08-02T20:19:58.91Z'
System info: host: 'rutan', ip: '190.248.48.5', os.name: 'Linux', os.arch: 'amd64', os.version: '4.18.0-1-amd64', java.version: '1.8.0_181'
Driver info: org.openqa.selenium.remote.RemoteWebDriver
Capabilities {acceptInsecureCerts: false, acceptSslCerts: false, applicationCacheEnabled: false, browserConnectionEnabled: false, browserName: chrome, chrome: {chromedriverVersion: 2.42.591071 (0b695ff80972cc..., userDataDir: /tmp/.org.chromium.Chromium...}, cssSelectorsEnabled: true, databaseEnabled: false, goog:chromeOptions: {debuggerAddress: localhost:44723}, handlesAlerts: true, hasTouchScreen: false, javascriptEnabled: true, locationContextEnabled: true, mobileEmulationEnabled: false, nativeEvents: true, networkConnectionEnabled: false, pageLoadStrategy: normal, platform: LINUX, platformName: LINUX, rotatable: false, setWindowRect: true, takesHeapSnapshot: true, takesScreenshot: true, unexpectedAlertBehaviour: , unhandledPromptBehavior: , version: 71.0.3578.62, webStorageEnabled: true}
Session ID: 5bec3d3689589351b958b0d218198e9e
*** Element info: {Using=id, value=title-init}

Pasarela - MSISDN vÃ¡lido que no es Tigo(HU008 ValidaciÃ³n nÃºmero Celular)  Time elapsed: 11.619 s  <<< FAILURE!
org.junit.ComparisonFailure: expected:<No [hemos encontrado facturas pendientes para este nÃºmero de lÃ­ne]a.> but was:<No [se encontraron datos en la consult]a.>

Pasarela - MSISDN vÃ¡lido que no es Tigo(HU008 ValidaciÃ³n nÃºmero Celular)  Time elapsed: 10.541 s  <<< FAILURE!
org.junit.ComparisonFailure: expected:<No [hemos encontrado facturas pendientes para este nÃºmero de lÃ­ne]a.> but was:<No [se encontraron datos en la consult]a.>

Pasarela - MSISDN vÃ¡lido que no es Tigo(HU008 ValidaciÃ³n nÃºmero Celular)  Time elapsed: 10.396 s  <<< FAILURE!
org.junit.ComparisonFailure: expected:<No [hemos encontrado facturas pendientes para este nÃºmero de lÃ­ne]a.> but was:<No [se encontraron datos en la consult]a.>

Pasarela - MSISDN vÃ¡lido que no es Tigo(HU008 ValidaciÃ³n nÃºmero Celular)  Time elapsed: 13.716 s  <<< FAILURE!
org.junit.ComparisonFailure: expected:<No [hemos encontrado facturas pendientes para este nÃºmero de lÃ­ne]a.> but was:<No [se encontraron datos en la consult]a.>

PasPasarela - MSISDN vÃ¡lido Tigo sin facturas pendientes(HU008 ValidaciÃ³n nÃºmero Celular)  Time elapsed: 13.239 s  <<< FAILURE!
org.junit.ComparisonFailure: expected:<No [hemos encontrado facturas pendientes para este nÃºmero de lÃ­ne]a.> but was:<No [se encontraron datos en la consult]a.>

Pasarela - VisualizaciÃ³n de datos de lÃ­nea Tigo con facturas pendientes(HU008 ValidaciÃ³n nÃºmero Celular)  Time elapsed: 32.996 s  <<< ERROR!
org.openqa.selenium.NoSuchElementException: 
no such element: Unable to locate element: {"method":"id","selector":"title-detail"}
  (Session info: headless chrome=71.0.3578.62)
  (Driver info: chromedriver=2.42.591071 (0b695ff80972cc1a65a5cd643186d2ae582cd4ac),platform=Linux 4.18.0-1-amd64 x86_64) (WARNING: The server did not provide any stacktrace information)
Command duration or timeout: 0 milliseconds
For documentation on this error, please visit: http://seleniumhq.org/exceptions/no_such_element.html
Build info: version: '3.14.0', revision: 'aacccce0', time: '2018-08-02T20:19:58.91Z'
System info: host: 'rutan', ip: '190.248.48.5', os.name: 'Linux', os.arch: 'amd64', os.version: '4.18.0-1-amd64', java.version: '1.8.0_181'
Driver info: org.openqa.selenium.remote.RemoteWebDriver
Capabilities {acceptInsecureCerts: false, acceptSslCerts: false, applicationCacheEnabled: false, browserConnectionEnabled: false, browserName: chrome, chrome: {chromedriverVersion: 2.42.591071 (0b695ff80972cc..., userDataDir: /tmp/.org.chromium.Chromium...}, cssSelectorsEnabled: true, databaseEnabled: false, goog:chromeOptions: {debuggerAddress: localhost:36437}, handlesAlerts: true, hasTouchScreen: false, javascriptEnabled: true, locationContextEnabled: true, mobileEmulationEnabled: false, nativeEvents: true, networkConnectionEnabled: false, pageLoadStrategy: normal, platform: LINUX, platformName: LINUX, rotatable: false, setWindowRect: true, takesHeapSnapshot: true, takesScreenshot: true, unexpectedAlertBehaviour: , unhandledPromptBehavior: , version: 71.0.3578.62, webStorageEnabled: true}
Session ID: 98beffb165f58c5e646412aa7b1b5a81
*** Element info: {Using=id, value=title-detail}

Pasarela - Documento es un texto(HU009 CC vÃ¡lida en campo nÃºmero de documento)  Time elapsed: 31.791 s  <<< ERROR!
org.openqa.selenium.NoSuchElementException: 
no such element: Unable to locate element: {"method":"xpath","selector":"//*[@id='content_left_forms_unified']/div[1]/span"}
  (Session info: headless chrome=71.0.3578.62)
  (Driver info: chromedriver=2.42.591071 (0b695ff80972cc1a65a5cd643186d2ae582cd4ac),platform=Linux 4.18.0-1-amd64 x86_64) (WARNING: The server did not provide any stacktrace information)
Command duration or timeout: 0 milliseconds
For documentation on this error, please visit: http://seleniumhq.org/exceptions/no_such_element.html
Build info: version: '3.14.0', revision: 'aacccce0', time: '2018-08-02T20:19:58.91Z'
System info: host: 'rutan', ip: '190.248.48.5', os.name: 'Linux', os.arch: 'amd64', os.version: '4.18.0-1-amd64', java.version: '1.8.0_181'
Driver info: org.openqa.selenium.remote.RemoteWebDriver
Capabilities {acceptInsecureCerts: false, acceptSslCerts: false, applicationCacheEnabled: false, browserConnectionEnabled: false, browserName: chrome, chrome: {chromedriverVersion: 2.42.591071 (0b695ff80972cc..., userDataDir: /tmp/.org.chromium.Chromium...}, cssSelectorsEnabled: true, databaseEnabled: false, goog:chromeOptions: {debuggerAddress: localhost:34629}, handlesAlerts: true, hasTouchScreen: false, javascriptEnabled: true, locationContextEnabled: true, mobileEmulationEnabled: false, nativeEvents: true, networkConnectionEnabled: false, pageLoadStrategy: normal, platform: LINUX, platformName: LINUX, rotatable: false, setWindowRect: true, takesHeapSnapshot: true, takesScreenshot: true, unexpectedAlertBehaviour: , unhandledPromptBehavior: , version: 71.0.3578.62, webStorageEnabled: true}
Session ID: dfa18af891366b6dc80afeab69c1f49b
*** Element info: {Using=xpath, value=//*[@id='content_left_forms_unified']/div[1]/span}

Pasarela - Documentos de mÃ¡s de 13 dÃ­gitos(HU009 CC vÃ¡lida en campo nÃºmero de documento)  Time elapsed: 8.255 s  <<< FAILURE!
java.lang.AssertionError: 

Expected: a string containing "1234567890123"
     but: was "12345678901"

Pasarela - Documentos de N dÃ­gitos(HU009 CC vÃ¡lida en campo nÃºmero de documento)  Time elapsed: 32.07 s  <<< ERROR!
org.openqa.selenium.NoSuchElementException: 
no such element: Unable to locate element: {"method":"xpath","selector":"//*[@id='content_left_forms_unified']/div[1]/span"}
  (Session info: headless chrome=71.0.3578.62)
  (Driver info: chromedriver=2.42.591071 (0b695ff80972cc1a65a5cd643186d2ae582cd4ac),platform=Linux 4.18.0-1-amd64 x86_64) (WARNING: The server did not provide any stacktrace information)
Command duration or timeout: 0 milliseconds
For documentation on this error, please visit: http://seleniumhq.org/exceptions/no_such_element.html
Build info: version: '3.14.0', revision: 'aacccce0', time: '2018-08-02T20:19:58.91Z'
System info: host: 'rutan', ip: '190.248.48.5', os.name: 'Linux', os.arch: 'amd64', os.version: '4.18.0-1-amd64', java.version: '1.8.0_181'
Driver info: org.openqa.selenium.remote.RemoteWebDriver
Capabilities {acceptInsecureCerts: false, acceptSslCerts: false, applicationCacheEnabled: false, browserConnectionEnabled: false, browserName: chrome, chrome: {chromedriverVersion: 2.42.591071 (0b695ff80972cc..., userDataDir: /tmp/.org.chromium.Chromium...}, cssSelectorsEnabled: true, databaseEnabled: false, goog:chromeOptions: {debuggerAddress: localhost:45149}, handlesAlerts: true, hasTouchScreen: false, javascriptEnabled: true, locationContextEnabled: true, mobileEmulationEnabled: false, nativeEvents: true, networkConnectionEnabled: false, pageLoadStrategy: normal, platform: LINUX, platformName: LINUX, rotatable: false, setWindowRect: true, takesHeapSnapshot: true, takesScreenshot: true, unexpectedAlertBehaviour: , unhandledPromptBehavior: , version: 71.0.3578.62, webStorageEnabled: true}
Session ID: e9e86ad1b82cc12082913a2eddc092af
*** Element info: {Using=xpath, value=//*[@id='content_left_forms_unified']/div[1]/span}

Pasarela - Documentos de N dÃ­gitos(HU009 CC vÃ¡lida en campo nÃºmero de documento)  Time elapsed: 32.093 s  <<< ERROR!
org.openqa.selenium.NoSuchElementException: 
no such element: Unable to locate element: {"method":"xpath","selector":"//*[@id='content_left_forms_unified']/div[1]/span"}
  (Session info: headless chrome=71.0.3578.62)
  (Driver info: chromedriver=2.42.591071 (0b695ff80972cc1a65a5cd643186d2ae582cd4ac),platform=Linux 4.18.0-1-amd64 x86_64) (WARNING: The server did not provide any stacktrace information)
Command duration or timeout: 0 milliseconds
For documentation on this error, please visit: http://seleniumhq.org/exceptions/no_such_element.html
Build info: version: '3.14.0', revision: 'aacccce0', time: '2018-08-02T20:19:58.91Z'
System info: host: 'rutan', ip: '190.248.48.5', os.name: 'Linux', os.arch: 'amd64', os.version: '4.18.0-1-amd64', java.version: '1.8.0_181'
Driver info: org.openqa.selenium.remote.RemoteWebDriver
Capabilities {acceptInsecureCerts: false, acceptSslCerts: false, applicationCacheEnabled: false, browserConnectionEnabled: false, browserName: chrome, chrome: {chromedriverVersion: 2.42.591071 (0b695ff80972cc..., userDataDir: /tmp/.org.chromium.Chromium...}, cssSelectorsEnabled: true, databaseEnabled: false, goog:chromeOptions: {debuggerAddress: localhost:40081}, handlesAlerts: true, hasTouchScreen: false, javascriptEnabled: true, locationContextEnabled: true, mobileEmulationEnabled: false, nativeEvents: true, networkConnectionEnabled: false, pageLoadStrategy: normal, platform: LINUX, platformName: LINUX, rotatable: false, setWindowRect: true, takesHeapSnapshot: true, takesScreenshot: true, unexpectedAlertBehaviour: , unhandledPromptBehavior: , version: 71.0.3578.62, webStorageEnabled: true}
Session ID: aa6270d02a31e233afb37556c9f28198
*** Element info: {Using=xpath, value=//*[@id='content_left_forms_unified']/div[1]/span}

Pasarela - Documentos de N dÃ­gitos(HU009 CC vÃ¡lida en campo nÃºmero de documento)  Time elapsed: 34.931 s  <<< ERROR!
org.openqa.selenium.NoSuchElementException: 
no such element: Unable to locate element: {"method":"xpath","selector":"//*[@id='content_left_forms_unified']/div[1]/span"}
  (Session info: headless chrome=71.0.3578.62)
  (Driver info: chromedriver=2.42.591071 (0b695ff80972cc1a65a5cd643186d2ae582cd4ac),platform=Linux 4.18.0-1-amd64 x86_64) (WARNING: The server did not provide any stacktrace information)
Command duration or timeout: 0 milliseconds
For documentation on this error, please visit: http://seleniumhq.org/exceptions/no_such_element.html
Build info: version: '3.14.0', revision: 'aacccce0', time: '2018-08-02T20:19:58.91Z'
System info: host: 'rutan', ip: '190.248.48.5', os.name: 'Linux', os.arch: 'amd64', os.version: '4.18.0-1-amd64', java.version: '1.8.0_181'
Driver info: org.openqa.selenium.remote.RemoteWebDriver
Capabilities {acceptInsecureCerts: false, acceptSslCerts: false, applicationCacheEnabled: false, browserConnectionEnabled: false, browserName: chrome, chrome: {chromedriverVersion: 2.42.591071 (0b695ff80972cc..., userDataDir: /tmp/.org.chromium.Chromium...}, cssSelectorsEnabled: true, databaseEnabled: false, goog:chromeOptions: {debuggerAddress: localhost:33031}, handlesAlerts: true, hasTouchScreen: false, javascriptEnabled: true, locationContextEnabled: true, mobileEmulationEnabled: false, nativeEvents: true, networkConnectionEnabled: false, pageLoadStrategy: normal, platform: LINUX, platformName: LINUX, rotatable: false, setWindowRect: true, takesHeapSnapshot: true, takesScreenshot: true, unexpectedAlertBehaviour: , unhandledPromptBehavior: , version: 71.0.3578.62, webStorageEnabled: true}
Session ID: 4c9cfee3363a606941d2940159d0e9a3
*** Element info: {Using=xpath, value=//*[@id='content_left_forms_unified']/div[1]/span}

Pasarela - Documento cedula vÃ¡lida sin facturas(HU009 CC vÃ¡lida en campo nÃºmero de documento)  Time elapsed: 38.119 s  <<< ERROR!
org.openqa.selenium.NoSuchElementException: 
no such element: Unable to locate element: {"method":"xpath","selector":"//*[@id='alert_main' and @style='display: block;']"}
  (Session info: headless chrome=71.0.3578.62)
  (Driver info: chromedriver=2.42.591071 (0b695ff80972cc1a65a5cd643186d2ae582cd4ac),platform=Linux 4.18.0-1-amd64 x86_64) (WARNING: The server did not provide any stacktrace information)
Command duration or timeout: 0 milliseconds
For documentation on this error, please visit: http://seleniumhq.org/exceptions/no_such_element.html
Build info: version: '3.14.0', revision: 'aacccce0', time: '2018-08-02T20:19:58.91Z'
System info: host: 'rutan', ip: '190.248.48.5', os.name: 'Linux', os.arch: 'amd64', os.version: '4.18.0-1-amd64', java.version: '1.8.0_181'
Driver info: org.openqa.selenium.remote.RemoteWebDriver
Capabilities {acceptInsecureCerts: false, acceptSslCerts: false, applicationCacheEnabled: false, browserConnectionEnabled: false, browserName: chrome, chrome: {chromedriverVersion: 2.42.591071 (0b695ff80972cc..., userDataDir: /tmp/.org.chromium.Chromium...}, cssSelectorsEnabled: true, databaseEnabled: false, goog:chromeOptions: {debuggerAddress: localhost:42685}, handlesAlerts: true, hasTouchScreen: false, javascriptEnabled: true, locationContextEnabled: true, mobileEmulationEnabled: false, nativeEvents: true, networkConnectionEnabled: false, pageLoadStrategy: normal, platform: LINUX, platformName: LINUX, rotatable: false, setWindowRect: true, takesHeapSnapshot: true, takesScreenshot: true, unexpectedAlertBehaviour: , unhandledPromptBehavior: , version: 71.0.3578.62, webStorageEnabled: true}
Session ID: 655fea15a70bf41b484cb1a06ecfb478
*** Element info: {Using=xpath, value=//*[@id='alert_main' and @style='display: block;']}

Pasarela - VisualizaciÃ³n de datos de factura de servicios fijos(HU009 CC vÃ¡lida en campo nÃºmero de documento)  Time elapsed: 35.264 s  <<< ERROR!
org.openqa.selenium.NoSuchElementException: 
no such element: Unable to locate element: {"method":"xpath","selector":"(//*[@id='content_list_invoices']//*[contains(@id,'btn')])[1]"}
  (Session info: headless chrome=71.0.3578.62)
  (Driver info: chromedriver=2.42.591071 (0b695ff80972cc1a65a5cd643186d2ae582cd4ac),platform=Linux 4.18.0-1-amd64 x86_64) (WARNING: The server did not provide any stacktrace information)
Command duration or timeout: 0 milliseconds
For documentation on this error, please visit: http://seleniumhq.org/exceptions/no_such_element.html
Build info: version: '3.14.0', revision: 'aacccce0', time: '2018-08-02T20:19:58.91Z'
System info: host: 'rutan', ip: '190.248.48.5', os.name: 'Linux', os.arch: 'amd64', os.version: '4.18.0-1-amd64', java.version: '1.8.0_181'
Driver info: org.openqa.selenium.remote.RemoteWebDriver
Capabilities {acceptInsecureCerts: false, acceptSslCerts: false, applicationCacheEnabled: false, browserConnectionEnabled: false, browserName: chrome, chrome: {chromedriverVersion: 2.42.591071 (0b695ff80972cc..., userDataDir: /tmp/.org.chromium.Chromium...}, cssSelectorsEnabled: true, databaseEnabled: false, goog:chromeOptions: {debuggerAddress: localhost:43033}, handlesAlerts: true, hasTouchScreen: false, javascriptEnabled: true, locationContextEnabled: true, mobileEmulationEnabled: false, nativeEvents: true, networkConnectionEnabled: false, pageLoadStrategy: normal, platform: LINUX, platformName: LINUX, rotatable: false, setWindowRect: true, takesHeapSnapshot: true, takesScreenshot: true, unexpectedAlertBehaviour: , unhandledPromptBehavior: , version: 71.0.3578.62, webStorageEnabled: true}
Session ID: b253af17f6981ea1a609fa811db7161d
*** Element info: {Using=xpath, value=(//*[@id='content_list_invoices']//*[contains(@id,'btn')])[1]}

Pasarela - Email Hogar sin usuario(HU013 ValidaciÃ³n de email Hogar)  Time elapsed: 33.336 s  <<< ERROR!
org.openqa.selenium.NoSuchElementException: 
no such element: Unable to locate element: {"method":"xpath","selector":"//*[@id='content_right_forms_unified']/div/span"}
  (Session info: headless chrome=71.0.3578.62)
  (Driver info: chromedriver=2.42.591071 (0b695ff80972cc1a65a5cd643186d2ae582cd4ac),platform=Linux 4.18.0-1-amd64 x86_64) (WARNING: The server did not provide any stacktrace information)
Command duration or timeout: 0 milliseconds
For documentation on this error, please visit: http://seleniumhq.org/exceptions/no_such_element.html
Build info: version: '3.14.0', revision: 'aacccce0', time: '2018-08-02T20:19:58.91Z'
System info: host: 'rutan', ip: '190.248.48.5', os.name: 'Linux', os.arch: 'amd64', os.version: '4.18.0-1-amd64', java.version: '1.8.0_181'
Driver info: org.openqa.selenium.remote.RemoteWebDriver
Capabilities {acceptInsecureCerts: false, acceptSslCerts: false, applicationCacheEnabled: false, browserConnectionEnabled: false, browserName: chrome, chrome: {chromedriverVersion: 2.42.591071 (0b695ff80972cc..., userDataDir: /tmp/.org.chromium.Chromium...}, cssSelectorsEnabled: true, databaseEnabled: false, goog:chromeOptions: {debuggerAddress: localhost:39661}, handlesAlerts: true, hasTouchScreen: false, javascriptEnabled: true, locationContextEnabled: true, mobileEmulationEnabled: false, nativeEvents: true, networkConnectionEnabled: false, pageLoadStrategy: normal, platform: LINUX, platformName: LINUX, rotatable: false, setWindowRect: true, takesHeapSnapshot: true, takesScreenshot: true, unexpectedAlertBehaviour: , unhandledPromptBehavior: , version: 71.0.3578.62, webStorageEnabled: true}
Session ID: e6bc4097c48c826523c3badda61cb764
*** Element info: {Using=xpath, value=//*[@id='content_right_forms_unified']/div/span}

Pasarela - Email Hogar sin usuario(HU013 ValidaciÃ³n de email Hogar)  Time elapsed: 34.242 s  <<< ERROR!
org.openqa.selenium.NoSuchElementException: 
no such element: Unable to locate element: {"method":"xpath","selector":"//*[@id='content_right_forms_unified']/div/span"}
  (Session info: headless chrome=71.0.3578.62)
  (Driver info: chromedriver=2.42.591071 (0b695ff80972cc1a65a5cd643186d2ae582cd4ac),platform=Linux 4.18.0-1-amd64 x86_64) (WARNING: The server did not provide any stacktrace information)
Command duration or timeout: 0 milliseconds
For documentation on this error, please visit: http://seleniumhq.org/exceptions/no_such_element.html
Build info: version: '3.14.0', revision: 'aacccce0', time: '2018-08-02T20:19:58.91Z'
System info: host: 'rutan', ip: '190.248.48.5', os.name: 'Linux', os.arch: 'amd64', os.version: '4.18.0-1-amd64', java.version: '1.8.0_181'
Driver info: org.openqa.selenium.remote.RemoteWebDriver
Capabilities {acceptInsecureCerts: false, acceptSslCerts: false, applicationCacheEnabled: false, browserConnectionEnabled: false, browserName: chrome, chrome: {chromedriverVersion: 2.42.591071 (0b695ff80972cc..., userDataDir: /tmp/.org.chromium.Chromium...}, cssSelectorsEnabled: true, databaseEnabled: false, goog:chromeOptions: {debuggerAddress: localhost:45139}, handlesAlerts: true, hasTouchScreen: false, javascriptEnabled: true, locationContextEnabled: true, mobileEmulationEnabled: false, nativeEvents: true, networkConnectionEnabled: false, pageLoadStrategy: normal, platform: LINUX, platformName: LINUX, rotatable: false, setWindowRect: true, takesHeapSnapshot: true, takesScreenshot: true, unexpectedAlertBehaviour: , unhandledPromptBehavior: , version: 71.0.3578.62, webStorageEnabled: true}
Session ID: 37100fea2fe15f678aa0de76a9ddcb0a
*** Element info: {Using=xpath, value=//*[@id='content_right_forms_unified']/div/span}

Pasarela - Email Hogar sin usuario(HU013 ValidaciÃ³n de email Hogar)  Time elapsed: 32.73 s  <<< ERROR!
org.openqa.selenium.NoSuchElementException: 
no such element: Unable to locate element: {"method":"xpath","selector":"//*[@id='content_right_forms_unified']/div/span"}
  (Session info: headless chrome=71.0.3578.62)
  (Driver info: chromedriver=2.42.591071 (0b695ff80972cc1a65a5cd643186d2ae582cd4ac),platform=Linux 4.18.0-1-amd64 x86_64) (WARNING: The server did not provide any stacktrace information)
Command duration or timeout: 0 milliseconds
For documentation on this error, please visit: http://seleniumhq.org/exceptions/no_such_element.html
Build info: version: '3.14.0', revision: 'aacccce0', time: '2018-08-02T20:19:58.91Z'
System info: host: 'rutan', ip: '190.248.48.5', os.name: 'Linux', os.arch: 'amd64', os.version: '4.18.0-1-amd64', java.version: '1.8.0_181'
Driver info: org.openqa.selenium.remote.RemoteWebDriver
Capabilities {acceptInsecureCerts: false, acceptSslCerts: false, applicationCacheEnabled: false, browserConnectionEnabled: false, browserName: chrome, chrome: {chromedriverVersion: 2.42.591071 (0b695ff80972cc..., userDataDir: /tmp/.org.chromium.Chromium...}, cssSelectorsEnabled: true, databaseEnabled: false, goog:chromeOptions: {debuggerAddress: localhost:36905}, handlesAlerts: true, hasTouchScreen: false, javascriptEnabled: true, locationContextEnabled: true, mobileEmulationEnabled: false, nativeEvents: true, networkConnectionEnabled: false, pageLoadStrategy: normal, platform: LINUX, platformName: LINUX, rotatable: false, setWindowRect: true, takesHeapSnapshot: true, takesScreenshot: true, unexpectedAlertBehaviour: , unhandledPromptBehavior: , version: 71.0.3578.62, webStorageEnabled: true}
Session ID: 2afd213ea4113cd1d842a249e5fadc5a
*** Element info: {Using=xpath, value=//*[@id='content_right_forms_unified']/div/span}

Pasarela - Email Hogar sin usuario(HU013 ValidaciÃ³n de email Hogar)  Time elapsed: 32.971 s  <<< ERROR!
org.openqa.selenium.NoSuchElementException: 
no such element: Unable to locate element: {"method":"xpath","selector":"//*[@id='content_right_forms_unified']/div/span"}
  (Session info: headless chrome=71.0.3578.62)
  (Driver info: chromedriver=2.42.591071 (0b695ff80972cc1a65a5cd643186d2ae582cd4ac),platform=Linux 4.18.0-1-amd64 x86_64) (WARNING: The server did not provide any stacktrace information)
Command duration or timeout: 0 milliseconds
For documentation on this error, please visit: http://seleniumhq.org/exceptions/no_such_element.html
Build info: version: '3.14.0', revision: 'aacccce0', time: '2018-08-02T20:19:58.91Z'
System info: host: 'rutan', ip: '190.248.48.5', os.name: 'Linux', os.arch: 'amd64', os.version: '4.18.0-1-amd64', java.version: '1.8.0_181'
Driver info: org.openqa.selenium.remote.RemoteWebDriver
Capabilities {acceptInsecureCerts: false, acceptSslCerts: false, applicationCacheEnabled: false, browserConnectionEnabled: false, browserName: chrome, chrome: {chromedriverVersion: 2.42.591071 (0b695ff80972cc..., userDataDir: /tmp/.org.chromium.Chromium...}, cssSelectorsEnabled: true, databaseEnabled: false, goog:chromeOptions: {debuggerAddress: localhost:38193}, handlesAlerts: true, hasTouchScreen: false, javascriptEnabled: true, locationContextEnabled: true, mobileEmulationEnabled: false, nativeEvents: true, networkConnectionEnabled: false, pageLoadStrategy: normal, platform: LINUX, platformName: LINUX, rotatable: false, setWindowRect: true, takesHeapSnapshot: true, takesScreenshot: true, unexpectedAlertBehaviour: , unhandledPromptBehavior: , version: 71.0.3578.62, webStorageEnabled: true}
Session ID: 49eeb815894154bc2a9959a1be8c2211
*** Element info: {Using=xpath, value=//*[@id='content_right_forms_unified']/div/span}

Pasarela - Email Hogar sin usuario(HU013 ValidaciÃ³n de email Hogar)  Time elapsed: 33.202 s  <<< ERROR!
org.openqa.selenium.NoSuchElementException: 
no such element: Unable to locate element: {"method":"xpath","selector":"//*[@id='content_right_forms_unified']/div/span"}
  (Session info: headless chrome=71.0.3578.62)
  (Driver info: chromedriver=2.42.591071 (0b695ff80972cc1a65a5cd643186d2ae582cd4ac),platform=Linux 4.18.0-1-amd64 x86_64) (WARNING: The server did not provide any stacktrace information)
Command duration or timeout: 0 milliseconds
For documentation on this error, please visit: http://seleniumhq.org/exceptions/no_such_element.html
Build info: version: '3.14.0', revision: 'aacccce0', time: '2018-08-02T20:19:58.91Z'
System info: host: 'rutan', ip: '190.248.48.5', os.name: 'Linux', os.arch: 'amd64', os.version: '4.18.0-1-amd64', java.version: '1.8.0_181'
Driver info: org.openqa.selenium.remote.RemoteWebDriver
Capabilities {acceptInsecureCerts: false, acceptSslCerts: false, applicationCacheEnabled: false, browserConnectionEnabled: false, browserName: chrome, chrome: {chromedriverVersion: 2.42.591071 (0b695ff80972cc..., userDataDir: /tmp/.org.chromium.Chromium...}, cssSelectorsEnabled: true, databaseEnabled: false, goog:chromeOptions: {debuggerAddress: localhost:34607}, handlesAlerts: true, hasTouchScreen: false, javascriptEnabled: true, locationContextEnabled: true, mobileEmulationEnabled: false, nativeEvents: true, networkConnectionEnabled: false, pageLoadStrategy: normal, platform: LINUX, platformName: LINUX, rotatable: false, setWindowRect: true, takesHeapSnapshot: true, takesScreenshot: true, unexpectedAlertBehaviour: , unhandledPromptBehavior: , version: 71.0.3578.62, webStorageEnabled: true}
Session ID: 38d02f4566694c85a0cb10170656bd3e
*** Element info: {Using=xpath, value=//*[@id='content_right_forms_unified']/div/span}

Pasarela - Email Hogar sin usuario(HU013 ValidaciÃ³n de email Hogar)  Time elapsed: 36.59 s  <<< ERROR!
org.openqa.selenium.NoSuchElementException: 
no such element: Unable to locate element: {"method":"xpath","selector":"//*[@id='content_right_forms_unified']/div/span"}
  (Session info: headless chrome=71.0.3578.62)
  (Driver info: chromedriver=2.42.591071 (0b695ff80972cc1a65a5cd643186d2ae582cd4ac),platform=Linux 4.18.0-1-amd64 x86_64) (WARNING: The server did not provide any stacktrace information)
Command duration or timeout: 0 milliseconds
For documentation on this error, please visit: http://seleniumhq.org/exceptions/no_such_element.html
Build info: version: '3.14.0', revision: 'aacccce0', time: '2018-08-02T20:19:58.91Z'
System info: host: 'rutan', ip: '190.248.48.5', os.name: 'Linux', os.arch: 'amd64', os.version: '4.18.0-1-amd64', java.version: '1.8.0_181'
Driver info: org.openqa.selenium.remote.RemoteWebDriver
Capabilities {acceptInsecureCerts: false, acceptSslCerts: false, applicationCacheEnabled: false, browserConnectionEnabled: false, browserName: chrome, chrome: {chromedriverVersion: 2.42.591071 (0b695ff80972cc..., userDataDir: /tmp/.org.chromium.Chromium...}, cssSelectorsEnabled: true, databaseEnabled: false, goog:chromeOptions: {debuggerAddress: localhost:42043}, handlesAlerts: true, hasTouchScreen: false, javascriptEnabled: true, locationContextEnabled: true, mobileEmulationEnabled: false, nativeEvents: true, networkConnectionEnabled: false, pageLoadStrategy: normal, platform: LINUX, platformName: LINUX, rotatable: false, setWindowRect: true, takesHeapSnapshot: true, takesScreenshot: true, unexpectedAlertBehaviour: , unhandledPromptBehavior: , version: 71.0.3578.62, webStorageEnabled: true}
Session ID: fb1d80b8aed62bd59bfe52b00693e706
*** Element info: {Using=xpath, value=//*[@id='content_right_forms_unified']/div/span}

Pasarela - Email Hogar sin dominio(HU013 ValidaciÃ³n de email Hogar)  Time elapsed: 32.614 s  <<< ERROR!
org.openqa.selenium.NoSuchElementException: 
no such element: Unable to locate element: {"method":"xpath","selector":"//*[@id='content_right_forms_unified']/div/span"}
  (Session info: headless chrome=71.0.3578.62)
  (Driver info: chromedriver=2.42.591071 (0b695ff80972cc1a65a5cd643186d2ae582cd4ac),platform=Linux 4.18.0-1-amd64 x86_64) (WARNING: The server did not provide any stacktrace information)
Command duration or timeout: 0 milliseconds
For documentation on this error, please visit: http://seleniumhq.org/exceptions/no_such_element.html
Build info: version: '3.14.0', revision: 'aacccce0', time: '2018-08-02T20:19:58.91Z'
System info: host: 'rutan', ip: '190.248.48.5', os.name: 'Linux', os.arch: 'amd64', os.version: '4.18.0-1-amd64', java.version: '1.8.0_181'
Driver info: org.openqa.selenium.remote.RemoteWebDriver
Capabilities {acceptInsecureCerts: false, acceptSslCerts: false, applicationCacheEnabled: false, browserConnectionEnabled: false, browserName: chrome, chrome: {chromedriverVersion: 2.42.591071 (0b695ff80972cc..., userDataDir: /tmp/.org.chromium.Chromium...}, cssSelectorsEnabled: true, databaseEnabled: false, goog:chromeOptions: {debuggerAddress: localhost:44449}, handlesAlerts: true, hasTouchScreen: false, javascriptEnabled: true, locationContextEnabled: true, mobileEmulationEnabled: false, nativeEvents: true, networkConnectionEnabled: false, pageLoadStrategy: normal, platform: LINUX, platformName: LINUX, rotatable: false, setWindowRect: true, takesHeapSnapshot: true, takesScreenshot: true, unexpectedAlertBehaviour: , unhandledPromptBehavior: , version: 71.0.3578.62, webStorageEnabled: true}
Session ID: 8ec0d552f68f4249d36d8393ecf5569c
*** Element info: {Using=xpath, value=//*[@id='content_right_forms_unified']/div/span}

Pasarela - Email Hogar sin dominio(HU013 ValidaciÃ³n de email Hogar)  Time elapsed: 33.016 s  <<< ERROR!
org.openqa.selenium.NoSuchElementException: 
no such element: Unable to locate element: {"method":"xpath","selector":"//*[@id='content_right_forms_unified']/div/span"}
  (Session info: headless chrome=71.0.3578.62)
  (Driver info: chromedriver=2.42.591071 (0b695ff80972cc1a65a5cd643186d2ae582cd4ac),platform=Linux 4.18.0-1-amd64 x86_64) (WARNING: The server did not provide any stacktrace information)
Command duration or timeout: 0 milliseconds
For documentation on this error, please visit: http://seleniumhq.org/exceptions/no_such_element.html
Build info: version: '3.14.0', revision: 'aacccce0', time: '2018-08-02T20:19:58.91Z'
System info: host: 'rutan', ip: '190.248.48.5', os.name: 'Linux', os.arch: 'amd64', os.version: '4.18.0-1-amd64', java.version: '1.8.0_181'
Driver info: org.openqa.selenium.remote.RemoteWebDriver
Capabilities {acceptInsecureCerts: false, acceptSslCerts: false, applicationCacheEnabled: false, browserConnectionEnabled: false, browserName: chrome, chrome: {chromedriverVersion: 2.42.591071 (0b695ff80972cc..., userDataDir: /tmp/.org.chromium.Chromium...}, cssSelectorsEnabled: true, databaseEnabled: false, goog:chromeOptions: {debuggerAddress: localhost:42271}, handlesAlerts: true, hasTouchScreen: false, javascriptEnabled: true, locationContextEnabled: true, mobileEmulationEnabled: false, nativeEvents: true, networkConnectionEnabled: false, pageLoadStrategy: normal, platform: LINUX, platformName: LINUX, rotatable: false, setWindowRect: true, takesHeapSnapshot: true, takesScreenshot: true, unexpectedAlertBehaviour: , unhandledPromptBehavior: , version: 71.0.3578.62, webStorageEnabled: true}
Session ID: 45786eac1f247c50695f1dadf2467e59
*** Element info: {Using=xpath, value=//*[@id='content_right_forms_unified']/div/span}

Pasarela - Email Hogar sin dominio(HU013 ValidaciÃ³n de email Hogar)  Time elapsed: 33.078 s  <<< ERROR!
org.openqa.selenium.NoSuchElementException: 
no such element: Unable to locate element: {"method":"xpath","selector":"//*[@id='content_right_forms_unified']/div/span"}
  (Session info: headless chrome=71.0.3578.62)
  (Driver info: chromedriver=2.42.591071 (0b695ff80972cc1a65a5cd643186d2ae582cd4ac),platform=Linux 4.18.0-1-amd64 x86_64) (WARNING: The server did not provide any stacktrace information)
Command duration or timeout: 0 milliseconds
For documentation on this error, please visit: http://seleniumhq.org/exceptions/no_such_element.html
Build info: version: '3.14.0', revision: 'aacccce0', time: '2018-08-02T20:19:58.91Z'
System info: host: 'rutan', ip: '190.248.48.5', os.name: 'Linux', os.arch: 'amd64', os.version: '4.18.0-1-amd64', java.version: '1.8.0_181'
Driver info: org.openqa.selenium.remote.RemoteWebDriver
Capabilities {acceptInsecureCerts: false, acceptSslCerts: false, applicationCacheEnabled: false, browserConnectionEnabled: false, browserName: chrome, chrome: {chromedriverVersion: 2.42.591071 (0b695ff80972cc..., userDataDir: /tmp/.org.chromium.Chromium...}, cssSelectorsEnabled: true, databaseEnabled: false, goog:chromeOptions: {debuggerAddress: localhost:37151}, handlesAlerts: true, hasTouchScreen: false, javascriptEnabled: true, locationContextEnabled: true, mobileEmulationEnabled: false, nativeEvents: true, networkConnectionEnabled: false, pageLoadStrategy: normal, platform: LINUX, platformName: LINUX, rotatable: false, setWindowRect: true, takesHeapSnapshot: true, takesScreenshot: true, unexpectedAlertBehaviour: , unhandledPromptBehavior: , version: 71.0.3578.62, webStorageEnabled: true}
Session ID: 27a9e743da3c9100ff74c2db72420626
*** Element info: {Using=xpath, value=//*[@id='content_right_forms_unified']/div/span}

Pasarela - Email Hogar sin dominio(HU013 ValidaciÃ³n de email Hogar)  Time elapsed: 33.722 s  <<< ERROR!
org.openqa.selenium.NoSuchElementException: 
no such element: Unable to locate element: {"method":"xpath","selector":"//*[@id='content_right_forms_unified']/div/span"}
  (Session info: headless chrome=71.0.3578.62)
  (Driver info: chromedriver=2.42.591071 (0b695ff80972cc1a65a5cd643186d2ae582cd4ac),platform=Linux 4.18.0-1-amd64 x86_64) (WARNING: The server did not provide any stacktrace information)
Command duration or timeout: 0 milliseconds
For documentation on this error, please visit: http://seleniumhq.org/exceptions/no_such_element.html
Build info: version: '3.14.0', revision: 'aacccce0', time: '2018-08-02T20:19:58.91Z'
System info: host: 'rutan', ip: '190.248.48.5', os.name: 'Linux', os.arch: 'amd64', os.version: '4.18.0-1-amd64', java.version: '1.8.0_181'
Driver info: org.openqa.selenium.remote.RemoteWebDriver
Capabilities {acceptInsecureCerts: false, acceptSslCerts: false, applicationCacheEnabled: false, browserConnectionEnabled: false, browserName: chrome, chrome: {chromedriverVersion: 2.42.591071 (0b695ff80972cc..., userDataDir: /tmp/.org.chromium.Chromium...}, cssSelectorsEnabled: true, databaseEnabled: false, goog:chromeOptions: {debuggerAddress: localhost:41899}, handlesAlerts: true, hasTouchScreen: false, javascriptEnabled: true, locationContextEnabled: true, mobileEmulationEnabled: false, nativeEvents: true, networkConnectionEnabled: false, pageLoadStrategy: normal, platform: LINUX, platformName: LINUX, rotatable: false, setWindowRect: true, takesHeapSnapshot: true, takesScreenshot: true, unexpectedAlertBehaviour: , unhandledPromptBehavior: , version: 71.0.3578.62, webStorageEnabled: true}
Session ID: 0f7991b8808e8684b3befef0343ca4dd
*** Element info: {Using=xpath, value=//*[@id='content_right_forms_unified']/div/span}

Pasarela - Email Hogar sin dominio(HU013 ValidaciÃ³n de email Hogar)  Time elapsed: 33.179 s  <<< ERROR!
org.openqa.selenium.NoSuchElementException: 
no such element: Unable to locate element: {"method":"xpath","selector":"//*[@id='content_right_forms_unified']/div/span"}
  (Session info: headless chrome=71.0.3578.62)
  (Driver info: chromedriver=2.42.591071 (0b695ff80972cc1a65a5cd643186d2ae582cd4ac),platform=Linux 4.18.0-1-amd64 x86_64) (WARNING: The server did not provide any stacktrace information)
Command duration or timeout: 0 milliseconds
For documentation on this error, please visit: http://seleniumhq.org/exceptions/no_such_element.html
Build info: version: '3.14.0', revision: 'aacccce0', time: '2018-08-02T20:19:58.91Z'
System info: host: 'rutan', ip: '190.248.48.5', os.name: 'Linux', os.arch: 'amd64', os.version: '4.18.0-1-amd64', java.version: '1.8.0_181'
Driver info: org.openqa.selenium.remote.RemoteWebDriver
Capabilities {acceptInsecureCerts: false, acceptSslCerts: false, applicationCacheEnabled: false, browserConnectionEnabled: false, browserName: chrome, chrome: {chromedriverVersion: 2.42.591071 (0b695ff80972cc..., userDataDir: /tmp/.org.chromium.Chromium...}, cssSelectorsEnabled: true, databaseEnabled: false, goog:chromeOptions: {debuggerAddress: localhost:45711}, handlesAlerts: true, hasTouchScreen: false, javascriptEnabled: true, locationContextEnabled: true, mobileEmulationEnabled: false, nativeEvents: true, networkConnectionEnabled: false, pageLoadStrategy: normal, platform: LINUX, platformName: LINUX, rotatable: false, setWindowRect: true, takesHeapSnapshot: true, takesScreenshot: true, unexpectedAlertBehaviour: , unhandledPromptBehavior: , version: 71.0.3578.62, webStorageEnabled: true}
Session ID: a3c4dc9b8f651c46bbf0defb0e2ff7e1
*** Element info: {Using=xpath, value=//*[@id='content_right_forms_unified']/div/span}

Pasarela - Email Hogar sin dominio(HU013 ValidaciÃ³n de email Hogar)  Time elapsed: 36.436 s  <<< ERROR!
org.openqa.selenium.NoSuchElementException: 
no such element: Unable to locate element: {"method":"xpath","selector":"//*[@id='content_right_forms_unified']/div/span"}
  (Session info: headless chrome=71.0.3578.62)
  (Driver info: chromedriver=2.42.591071 (0b695ff80972cc1a65a5cd643186d2ae582cd4ac),platform=Linux 4.18.0-1-amd64 x86_64) (WARNING: The server did not provide any stacktrace information)
Command duration or timeout: 0 milliseconds
For documentation on this error, please visit: http://seleniumhq.org/exceptions/no_such_element.html
Build info: version: '3.14.0', revision: 'aacccce0', time: '2018-08-02T20:19:58.91Z'
System info: host: 'rutan', ip: '190.248.48.5', os.name: 'Linux', os.arch: 'amd64', os.version: '4.18.0-1-amd64', java.version: '1.8.0_181'
Driver info: org.openqa.selenium.remote.RemoteWebDriver
Capabilities {acceptInsecureCerts: false, acceptSslCerts: false, applicationCacheEnabled: false, browserConnectionEnabled: false, browserName: chrome, chrome: {chromedriverVersion: 2.42.591071 (0b695ff80972cc..., userDataDir: /tmp/.org.chromium.Chromium...}, cssSelectorsEnabled: true, databaseEnabled: false, goog:chromeOptions: {debuggerAddress: localhost:42075}, handlesAlerts: true, hasTouchScreen: false, javascriptEnabled: true, locationContextEnabled: true, mobileEmulationEnabled: false, nativeEvents: true, networkConnectionEnabled: false, pageLoadStrategy: normal, platform: LINUX, platformName: LINUX, rotatable: false, setWindowRect: true, takesHeapSnapshot: true, takesScreenshot: true, unexpectedAlertBehaviour: , unhandledPromptBehavior: , version: 71.0.3578.62, webStorageEnabled: true}
Session ID: 01b1bb4edd826bc6a4fe86a450df4bd6
*** Element info: {Using=xpath, value=//*[@id='content_right_forms_unified']/div/span}

Pasarela - Email Hogar dominio invalido(HU013 ValidaciÃ³n de email Hogar)  Time elapsed: 33.306 s  <<< ERROR!
org.openqa.selenium.NoSuchElementException: 
no such element: Unable to locate element: {"method":"xpath","selector":"//*[@id='content_right_forms_unified']/div/span"}
  (Session info: headless chrome=71.0.3578.62)
  (Driver info: chromedriver=2.42.591071 (0b695ff80972cc1a65a5cd643186d2ae582cd4ac),platform=Linux 4.18.0-1-amd64 x86_64) (WARNING: The server did not provide any stacktrace information)
Command duration or timeout: 0 milliseconds
For documentation on this error, please visit: http://seleniumhq.org/exceptions/no_such_element.html
Build info: version: '3.14.0', revision: 'aacccce0', time: '2018-08-02T20:19:58.91Z'
System info: host: 'rutan', ip: '190.248.48.5', os.name: 'Linux', os.arch: 'amd64', os.version: '4.18.0-1-amd64', java.version: '1.8.0_181'
Driver info: org.openqa.selenium.remote.RemoteWebDriver
Capabilities {acceptInsecureCerts: false, acceptSslCerts: false, applicationCacheEnabled: false, browserConnectionEnabled: false, browserName: chrome, chrome: {chromedriverVersion: 2.42.591071 (0b695ff80972cc..., userDataDir: /tmp/.org.chromium.Chromium...}, cssSelectorsEnabled: true, databaseEnabled: false, goog:chromeOptions: {debuggerAddress: localhost:43989}, handlesAlerts: true, hasTouchScreen: false, javascriptEnabled: true, locationContextEnabled: true, mobileEmulationEnabled: false, nativeEvents: true, networkConnectionEnabled: false, pageLoadStrategy: normal, platform: LINUX, platformName: LINUX, rotatable: false, setWindowRect: true, takesHeapSnapshot: true, takesScreenshot: true, unexpectedAlertBehaviour: , unhandledPromptBehavior: , version: 71.0.3578.62, webStorageEnabled: true}
Session ID: a9765ac27e265c741dc2bbe49d5e6c62
*** Element info: {Using=xpath, value=//*[@id='content_right_forms_unified']/div/span}

Pasarela - Email Hogar dominio invalido(HU013 ValidaciÃ³n de email Hogar)  Time elapsed: 33.775 s  <<< ERROR!
org.openqa.selenium.NoSuchElementException: 
no such element: Unable to locate element: {"method":"xpath","selector":"//*[@id='content_right_forms_unified']/div/span"}
  (Session info: headless chrome=71.0.3578.62)
  (Driver info: chromedriver=2.42.591071 (0b695ff80972cc1a65a5cd643186d2ae582cd4ac),platform=Linux 4.18.0-1-amd64 x86_64) (WARNING: The server did not provide any stacktrace information)
Command duration or timeout: 0 milliseconds
For documentation on this error, please visit: http://seleniumhq.org/exceptions/no_such_element.html
Build info: version: '3.14.0', revision: 'aacccce0', time: '2018-08-02T20:19:58.91Z'
System info: host: 'rutan', ip: '190.248.48.5', os.name: 'Linux', os.arch: 'amd64', os.version: '4.18.0-1-amd64', java.version: '1.8.0_181'
Driver info: org.openqa.selenium.remote.RemoteWebDriver
Capabilities {acceptInsecureCerts: false, acceptSslCerts: false, applicationCacheEnabled: false, browserConnectionEnabled: false, browserName: chrome, chrome: {chromedriverVersion: 2.42.591071 (0b695ff80972cc..., userDataDir: /tmp/.org.chromium.Chromium...}, cssSelectorsEnabled: true, databaseEnabled: false, goog:chromeOptions: {debuggerAddress: localhost:35395}, handlesAlerts: true, hasTouchScreen: false, javascriptEnabled: true, locationContextEnabled: true, mobileEmulationEnabled: false, nativeEvents: true, networkConnectionEnabled: false, pageLoadStrategy: normal, platform: LINUX, platformName: LINUX, rotatable: false, setWindowRect: true, takesHeapSnapshot: true, takesScreenshot: true, unexpectedAlertBehaviour: , unhandledPromptBehavior: , version: 71.0.3578.62, webStorageEnabled: true}
Session ID: de7d356a1f02b75a9e72f62c707b5dd5
*** Element info: {Using=xpath, value=//*[@id='content_right_forms_unified']/div/span}

Pasarela - Email Hogar dominio invalido(HU013 ValidaciÃ³n de email Hogar)  Time elapsed: 34.061 s  <<< ERROR!
org.openqa.selenium.NoSuchElementException: 
no such element: Unable to locate element: {"method":"xpath","selector":"//*[@id='content_right_forms_unified']/div/span"}
  (Session info: headless chrome=71.0.3578.62)
  (Driver info: chromedriver=2.42.591071 (0b695ff80972cc1a65a5cd643186d2ae582cd4ac),platform=Linux 4.18.0-1-amd64 x86_64) (WARNING: The server did not provide any stacktrace information)
Command duration or timeout: 0 milliseconds
For documentation on this error, please visit: http://seleniumhq.org/exceptions/no_such_element.html
Build info: version: '3.14.0', revision: 'aacccce0', time: '2018-08-02T20:19:58.91Z'
System info: host: 'rutan', ip: '190.248.48.5', os.name: 'Linux', os.arch: 'amd64', os.version: '4.18.0-1-amd64', java.version: '1.8.0_181'
Driver info: org.openqa.selenium.remote.RemoteWebDriver
Capabilities {acceptInsecureCerts: false, acceptSslCerts: false, applicationCacheEnabled: false, browserConnectionEnabled: false, browserName: chrome, chrome: {chromedriverVersion: 2.42.591071 (0b695ff80972cc..., userDataDir: /tmp/.org.chromium.Chromium...}, cssSelectorsEnabled: true, databaseEnabled: false, goog:chromeOptions: {debuggerAddress: localhost:44397}, handlesAlerts: true, hasTouchScreen: false, javascriptEnabled: true, locationContextEnabled: true, mobileEmulationEnabled: false, nativeEvents: true, networkConnectionEnabled: false, pageLoadStrategy: normal, platform: LINUX, platformName: LINUX, rotatable: false, setWindowRect: true, takesHeapSnapshot: true, takesScreenshot: true, unexpectedAlertBehaviour: , unhandledPromptBehavior: , version: 71.0.3578.62, webStorageEnabled: true}
Session ID: 8876b3be9a0269114c79c80fb8654f5c
*** Element info: {Using=xpath, value=//*[@id='content_right_forms_unified']/div/span}

Pasarela - Email Hogar dominio invalido(HU013 ValidaciÃ³n de email Hogar)  Time elapsed: 36.421 s  <<< ERROR!
org.openqa.selenium.NoSuchElementException: 
no such element: Unable to locate element: {"method":"xpath","selector":"//*[@id='content_right_forms_unified']/div/span"}
  (Session info: headless chrome=71.0.3578.62)
  (Driver info: chromedriver=2.42.591071 (0b695ff80972cc1a65a5cd643186d2ae582cd4ac),platform=Linux 4.18.0-1-amd64 x86_64) (WARNING: The server did not provide any stacktrace information)
Command duration or timeout: 0 milliseconds
For documentation on this error, please visit: http://seleniumhq.org/exceptions/no_such_element.html
Build info: version: '3.14.0', revision: 'aacccce0', time: '2018-08-02T20:19:58.91Z'
System info: host: 'rutan', ip: '190.248.48.5', os.name: 'Linux', os.arch: 'amd64', os.version: '4.18.0-1-amd64', java.version: '1.8.0_181'
Driver info: org.openqa.selenium.remote.RemoteWebDriver
Capabilities {acceptInsecureCerts: false, acceptSslCerts: false, applicationCacheEnabled: false, browserConnectionEnabled: false, browserName: chrome, chrome: {chromedriverVersion: 2.42.591071 (0b695ff80972cc..., userDataDir: /tmp/.org.chromium.Chromium...}, cssSelectorsEnabled: true, databaseEnabled: false, goog:chromeOptions: {debuggerAddress: localhost:38967}, handlesAlerts: true, hasTouchScreen: false, javascriptEnabled: true, locationContextEnabled: true, mobileEmulationEnabled: false, nativeEvents: true, networkConnectionEnabled: false, pageLoadStrategy: normal, platform: LINUX, platformName: LINUX, rotatable: false, setWindowRect: true, takesHeapSnapshot: true, takesScreenshot: true, unexpectedAlertBehaviour: , unhandledPromptBehavior: , version: 71.0.3578.62, webStorageEnabled: true}
Session ID: 6d30bfeccd195ba815e2eb3db5ccbf79
*** Element info: {Using=xpath, value=//*[@id='content_right_forms_unified']/div/span}

Pasarela - Email Hogar terminado en punto (.)(HU013 ValidaciÃ³n de email Hogar)  Time elapsed: 32.301 s  <<< ERROR!
org.openqa.selenium.NoSuchElementException: 
no such element: Unable to locate element: {"method":"xpath","selector":"//*[@id='content_right_forms_unified']/div/span"}
  (Session info: headless chrome=71.0.3578.62)
  (Driver info: chromedriver=2.42.591071 (0b695ff80972cc1a65a5cd643186d2ae582cd4ac),platform=Linux 4.18.0-1-amd64 x86_64) (WARNING: The server did not provide any stacktrace information)
Command duration or timeout: 0 milliseconds
For documentation on this error, please visit: http://seleniumhq.org/exceptions/no_such_element.html
Build info: version: '3.14.0', revision: 'aacccce0', time: '2018-08-02T20:19:58.91Z'
System info: host: 'rutan', ip: '190.248.48.5', os.name: 'Linux', os.arch: 'amd64', os.version: '4.18.0-1-amd64', java.version: '1.8.0_181'
Driver info: org.openqa.selenium.remote.RemoteWebDriver
Capabilities {acceptInsecureCerts: false, acceptSslCerts: false, applicationCacheEnabled: false, browserConnectionEnabled: false, browserName: chrome, chrome: {chromedriverVersion: 2.42.591071 (0b695ff80972cc..., userDataDir: /tmp/.org.chromium.Chromium...}, cssSelectorsEnabled: true, databaseEnabled: false, goog:chromeOptions: {debuggerAddress: localhost:43639}, handlesAlerts: true, hasTouchScreen: false, javascriptEnabled: true, locationContextEnabled: true, mobileEmulationEnabled: false, nativeEvents: true, networkConnectionEnabled: false, pageLoadStrategy: normal, platform: LINUX, platformName: LINUX, rotatable: false, setWindowRect: true, takesHeapSnapshot: true, takesScreenshot: true, unexpectedAlertBehaviour: , unhandledPromptBehavior: , version: 71.0.3578.62, webStorageEnabled: true}
Session ID: 5f990942152000652beeaba80f0eec02
*** Element info: {Using=xpath, value=//*[@id='content_right_forms_unified']/div/span}

Pasarela - Email Hogar terminado en punto (.)(HU013 ValidaciÃ³n de email Hogar)  Time elapsed: 33.196 s  <<< ERROR!
org.openqa.selenium.NoSuchElementException: 
no such element: Unable to locate element: {"method":"xpath","selector":"//*[@id='content_right_forms_unified']/div/span"}
  (Session info: headless chrome=71.0.3578.62)
  (Driver info: chromedriver=2.42.591071 (0b695ff80972cc1a65a5cd643186d2ae582cd4ac),platform=Linux 4.18.0-1-amd64 x86_64) (WARNING: The server did not provide any stacktrace information)
Command duration or timeout: 0 milliseconds
For documentation on this error, please visit: http://seleniumhq.org/exceptions/no_such_element.html
Build info: version: '3.14.0', revision: 'aacccce0', time: '2018-08-02T20:19:58.91Z'
System info: host: 'rutan', ip: '190.248.48.5', os.name: 'Linux', os.arch: 'amd64', os.version: '4.18.0-1-amd64', java.version: '1.8.0_181'
Driver info: org.openqa.selenium.remote.RemoteWebDriver
Capabilities {acceptInsecureCerts: false, acceptSslCerts: false, applicationCacheEnabled: false, browserConnectionEnabled: false, browserName: chrome, chrome: {chromedriverVersion: 2.42.591071 (0b695ff80972cc..., userDataDir: /tmp/.org.chromium.Chromium...}, cssSelectorsEnabled: true, databaseEnabled: false, goog:chromeOptions: {debuggerAddress: localhost:41653}, handlesAlerts: true, hasTouchScreen: false, javascriptEnabled: true, locationContextEnabled: true, mobileEmulationEnabled: false, nativeEvents: true, networkConnectionEnabled: false, pageLoadStrategy: normal, platform: LINUX, platformName: LINUX, rotatable: false, setWindowRect: true, takesHeapSnapshot: true, takesScreenshot: true, unexpectedAlertBehaviour: , unhandledPromptBehavior: , version: 71.0.3578.62, webStorageEnabled: true}
Session ID: a90d188759ad0b8b103c92a0740966d1
*** Element info: {Using=xpath, value=//*[@id='content_right_forms_unified']/div/span}

Pasarela - Email Hogar terminado en punto (.)(HU013 ValidaciÃ³n de email Hogar)  Time elapsed: 33.18 s  <<< ERROR!
org.openqa.selenium.NoSuchElementException: 
no such element: Unable to locate element: {"method":"xpath","selector":"//*[@id='content_right_forms_unified']/div/span"}
  (Session info: headless chrome=71.0.3578.62)
  (Driver info: chromedriver=2.42.591071 (0b695ff80972cc1a65a5cd643186d2ae582cd4ac),platform=Linux 4.18.0-1-amd64 x86_64) (WARNING: The server did not provide any stacktrace information)
Command duration or timeout: 0 milliseconds
For documentation on this error, please visit: http://seleniumhq.org/exceptions/no_such_element.html
Build info: version: '3.14.0', revision: 'aacccce0', time: '2018-08-02T20:19:58.91Z'
System info: host: 'rutan', ip: '190.248.48.5', os.name: 'Linux', os.arch: 'amd64', os.version: '4.18.0-1-amd64', java.version: '1.8.0_181'
Driver info: org.openqa.selenium.remote.RemoteWebDriver
Capabilities {acceptInsecureCerts: false, acceptSslCerts: false, applicationCacheEnabled: false, browserConnectionEnabled: false, browserName: chrome, chrome: {chromedriverVersion: 2.42.591071 (0b695ff80972cc..., userDataDir: /tmp/.org.chromium.Chromium...}, cssSelectorsEnabled: true, databaseEnabled: false, goog:chromeOptions: {debuggerAddress: localhost:35917}, handlesAlerts: true, hasTouchScreen: false, javascriptEnabled: true, locationContextEnabled: true, mobileEmulationEnabled: false, nativeEvents: true, networkConnectionEnabled: false, pageLoadStrategy: normal, platform: LINUX, platformName: LINUX, rotatable: false, setWindowRect: true, takesHeapSnapshot: true, takesScreenshot: true, unexpectedAlertBehaviour: , unhandledPromptBehavior: , version: 71.0.3578.62, webStorageEnabled: true}
Session ID: 752e608a947ead9c9cd3baa547a4bc09
*** Element info: {Using=xpath, value=//*[@id='content_right_forms_unified']/div/span}

Pasarela - Email Hogar terminado en punto (.)(HU013 ValidaciÃ³n de email Hogar)  Time elapsed: 33.499 s  <<< ERROR!
org.openqa.selenium.NoSuchElementException: 
no such element: Unable to locate element: {"method":"xpath","selector":"//*[@id='content_right_forms_unified']/div/span"}
  (Session info: headless chrome=71.0.3578.62)
  (Driver info: chromedriver=2.42.591071 (0b695ff80972cc1a65a5cd643186d2ae582cd4ac),platform=Linux 4.18.0-1-amd64 x86_64) (WARNING: The server did not provide any stacktrace information)
Command duration or timeout: 0 milliseconds
For documentation on this error, please visit: http://seleniumhq.org/exceptions/no_such_element.html
Build info: version: '3.14.0', revision: 'aacccce0', time: '2018-08-02T20:19:58.91Z'
System info: host: 'rutan', ip: '190.248.48.5', os.name: 'Linux', os.arch: 'amd64', os.version: '4.18.0-1-amd64', java.version: '1.8.0_181'
Driver info: org.openqa.selenium.remote.RemoteWebDriver
Capabilities {acceptInsecureCerts: false, acceptSslCerts: false, applicationCacheEnabled: false, browserConnectionEnabled: false, browserName: chrome, chrome: {chromedriverVersion: 2.42.591071 (0b695ff80972cc..., userDataDir: /tmp/.org.chromium.Chromium...}, cssSelectorsEnabled: true, databaseEnabled: false, goog:chromeOptions: {debuggerAddress: localhost:41547}, handlesAlerts: true, hasTouchScreen: false, javascriptEnabled: true, locationContextEnabled: true, mobileEmulationEnabled: false, nativeEvents: true, networkConnectionEnabled: false, pageLoadStrategy: normal, platform: LINUX, platformName: LINUX, rotatable: false, setWindowRect: true, takesHeapSnapshot: true, takesScreenshot: true, unexpectedAlertBehaviour: , unhandledPromptBehavior: , version: 71.0.3578.62, webStorageEnabled: true}
Session ID: 8c02dc2cc3692f8636768b93dc3dcce3
*** Element info: {Using=xpath, value=//*[@id='content_right_forms_unified']/div/span}

Pasarela - Email Hogar terminado en punto (.)(HU013 ValidaciÃ³n de email Hogar)  Time elapsed: 33.292 s  <<< ERROR!
org.openqa.selenium.NoSuchElementException: 
no such element: Unable to locate element: {"method":"xpath","selector":"//*[@id='content_right_forms_unified']/div/span"}
  (Session info: headless chrome=71.0.3578.62)
  (Driver info: chromedriver=2.42.591071 (0b695ff80972cc1a65a5cd643186d2ae582cd4ac),platform=Linux 4.18.0-1-amd64 x86_64) (WARNING: The server did not provide any stacktrace information)
Command duration or timeout: 0 milliseconds
For documentation on this error, please visit: http://seleniumhq.org/exceptions/no_such_element.html
Build info: version: '3.14.0', revision: 'aacccce0', time: '2018-08-02T20:19:58.91Z'
System info: host: 'rutan', ip: '190.248.48.5', os.name: 'Linux', os.arch: 'amd64', os.version: '4.18.0-1-amd64', java.version: '1.8.0_181'
Driver info: org.openqa.selenium.remote.RemoteWebDriver
Capabilities {acceptInsecureCerts: false, acceptSslCerts: false, applicationCacheEnabled: false, browserConnectionEnabled: false, browserName: chrome, chrome: {chromedriverVersion: 2.42.591071 (0b695ff80972cc..., userDataDir: /tmp/.org.chromium.Chromium...}, cssSelectorsEnabled: true, databaseEnabled: false, goog:chromeOptions: {debuggerAddress: localhost:44929}, handlesAlerts: true, hasTouchScreen: false, javascriptEnabled: true, locationContextEnabled: true, mobileEmulationEnabled: false, nativeEvents: true, networkConnectionEnabled: false, pageLoadStrategy: normal, platform: LINUX, platformName: LINUX, rotatable: false, setWindowRect: true, takesHeapSnapshot: true, takesScreenshot: true, unexpectedAlertBehaviour: , unhandledPromptBehavior: , version: 71.0.3578.62, webStorageEnabled: true}
Session ID: 6b5b083c9125f047bb2dfc60f8053f3a
*** Element info: {Using=xpath, value=//*[@id='content_right_forms_unified']/div/span}

Pasarela - Email Hogar terminado en punto (.)(HU013 ValidaciÃ³n de email Hogar)  Time elapsed: 37.706 s  <<< ERROR!
org.openqa.selenium.NoSuchElementException: 
no such element: Unable to locate element: {"method":"xpath","selector":"//*[@id='content_right_forms_unified']/div/span"}
  (Session info: headless chrome=71.0.3578.62)
  (Driver info: chromedriver=2.42.591071 (0b695ff80972cc1a65a5cd643186d2ae582cd4ac),platform=Linux 4.18.0-1-amd64 x86_64) (WARNING: The server did not provide any stacktrace information)
Command duration or timeout: 0 milliseconds
For documentation on this error, please visit: http://seleniumhq.org/exceptions/no_such_element.html
Build info: version: '3.14.0', revision: 'aacccce0', time: '2018-08-02T20:19:58.91Z'
System info: host: 'rutan', ip: '190.248.48.5', os.name: 'Linux', os.arch: 'amd64', os.version: '4.18.0-1-amd64', java.version: '1.8.0_181'
Driver info: org.openqa.selenium.remote.RemoteWebDriver
Capabilities {acceptInsecureCerts: false, acceptSslCerts: false, applicationCacheEnabled: false, browserConnectionEnabled: false, browserName: chrome, chrome: {chromedriverVersion: 2.42.591071 (0b695ff80972cc..., userDataDir: /tmp/.org.chromium.Chromium...}, cssSelectorsEnabled: true, databaseEnabled: false, goog:chromeOptions: {debuggerAddress: localhost:39875}, handlesAlerts: true, hasTouchScreen: false, javascriptEnabled: true, locationContextEnabled: true, mobileEmulationEnabled: false, nativeEvents: true, networkConnectionEnabled: false, pageLoadStrategy: normal, platform: LINUX, platformName: LINUX, rotatable: false, setWindowRect: true, takesHeapSnapshot: true, takesScreenshot: true, unexpectedAlertBehaviour: , unhandledPromptBehavior: , version: 71.0.3578.62, webStorageEnabled: true}
Session ID: d8343b083350ed5d52fe7a82a6203697
*** Element info: {Using=xpath, value=//*[@id='content_right_forms_unified']/div/span}

Pasarela - Email Hogar vÃ¡lido(HU013 ValidaciÃ³n de email Hogar)  Time elapsed: 11.817 s  <<< FAILURE!
java.lang.AssertionError: 

Expected: a string containing "--active"
     but: was "button--inactive btn btn_send button js-form-submit form-submit"

Pasarela - Email Hogar vÃ¡lido(HU013 ValidaciÃ³n de email Hogar)  Time elapsed: 12.283 s  <<< FAILURE!
java.lang.AssertionError: 

Expected: a string containing "--active"
     but: was "button--inactive btn btn_send button js-form-submit form-submit"

Pasarela - Email Hogar vÃ¡lido(HU013 ValidaciÃ³n de email Hogar)  Time elapsed: 15.821 s  <<< FAILURE!
java.lang.AssertionError: 

Expected: a string containing "--active"
     but: was "button--inactive btn btn_send button js-form-submit form-submit"

Recargas - ValidaciÃ³n de teclas especiales campo "Tu lÃ­nea Tigo"(HU016 ValidaciÃ³n Teclas Especiales MSISND)  Time elapsed: 9.254 s  <<< FAILURE!
java.lang.AssertionError: 

Expected: a string containing "(00"
     but: was "(300"

Recargas - ValidaciÃ³n de teclas especiales campo "Tu lÃ­nea Tigo"(HU016 ValidaciÃ³n Teclas Especiales MSISND)  Time elapsed: 10.082 s  <<< FAILURE!
java.lang.AssertionError: 

Expected: a string containing "(012) 00"
     but: was "(301) 200"

Recargas - ValidaciÃ³n de teclas especiales campo "Tu lÃ­nea Tigo"(HU016 ValidaciÃ³n Teclas Especiales MSISND)  Time elapsed: 9.083 s  <<< FAILURE!
java.lang.AssertionError: 

Expected: a string containing "(015) 987-4"
     but: was "(301) 598-74"

Recargas - ValidaciÃ³n de teclas especiales campo "Tu lÃ­nea Tigo"(HU016 ValidaciÃ³n Teclas Especiales MSISND)  Time elapsed: 9.564 s  <<< FAILURE!
java.lang.AssertionError: 

Expected: a string containing "(016) 237-84"
     but: was "(301) 623-784"

Recargas - ValidaciÃ³n de teclas especiales campo "Tu lÃ­nea Tigo"(HU016 ValidaciÃ³n Teclas Especiales MSISND)  Time elapsed: 8.624 s  <<< FAILURE!
java.lang.AssertionError: 

Expected: a string containing "(00"
     but: was "(300"

Recargas - ValidaciÃ³n de teclas especiales campo "Tu lÃ­nea Tigo"(HU016 ValidaciÃ³n Teclas Especiales MSISND)  Time elapsed: 9.504 s  <<< FAILURE!
java.lang.AssertionError: 

Expected: a string containing "(012) 00"
     but: was "(301) 200"

Recargas - ValidaciÃ³n de teclas especiales campo "Tu lÃ­nea Tigo"(HU016 ValidaciÃ³n Teclas Especiales MSISND)  Time elapsed: 8.858 s  <<< FAILURE!
java.lang.AssertionError: 

Expected: a string containing "(015) 987-4"
     but: was "(301) 598-74"

Recargas - ValidaciÃ³n de teclas especiales campo "Tu lÃ­nea Tigo"(HU016 ValidaciÃ³n Teclas Especiales MSISND)  Time elapsed: 9.836 s  <<< FAILURE!
java.lang.AssertionError: 

Expected: a string containing "(016) 237-84"
     but: was "(301) 623-784"

Recargas - Ingreso de nÃºmero valido que no es Tigo(HU018 ValidaciÃ³n nÃºmeros Validos Celular en Recargas y Paquetes)  Time elapsed: 19.985 s  <<< FAILURE!
org.junit.ComparisonFailure: expected:<...ingresaste no es de [tigo. Por favor verifÃ­calo.]> but was:<...ingresaste no es de [Tigo. Por favor verifÃ­calo]>

Recargas - Ingreso de nÃºmero valido que no es Tigo(HU018 ValidaciÃ³n nÃºmeros Validos Celular en Recargas y Paquetes)  Time elapsed: 15.454 s  <<< FAILURE!
org.junit.ComparisonFailure: expected:<...ingresaste no es de [tigo. Por favor verifÃ­calo.]> but was:<...ingresaste no es de [Tigo. Por favor verifÃ­calo]>

Recargas - Ingreso de nÃºmero valido que no es Tigo(HU018 ValidaciÃ³n nÃºmeros Validos Celular en Recargas y Paquetes)  Time elapsed: 16.033 s  <<< FAILURE!
org.junit.ComparisonFailure: expected:<...ingresaste no es de [tigo. Por favor verifÃ­calo.]> but was:<...ingresaste no es de [Tigo. Por favor verifÃ­calo]>

Recargas - Ingreso de nÃºmero valido que no es Tigo(HU018 ValidaciÃ³n nÃºmeros Validos Celular en Recargas y Paquetes)  Time elapsed: 23.661 s  <<< FAILURE!
org.junit.ComparisonFailure: expected:<...ingresaste no es de [tigo. Por favor verifÃ­calo.]> but was:<...ingresaste no es de [Tigo. Por favor verifÃ­calo]>

Recargas - Ingreso de nÃºmero vÃ¡lido Tigo con una linea suspendida(HU018 ValidaciÃ³n nÃºmeros Validos Celular en Recargas y Paquetes)  Time elapsed: 17.759 s  <<< FAILURE!
java.lang.AssertionError: 

Expected: a string containing "rgba(240, 30, 70, 1)"
     but: was "rgba(255, 255, 255, 1)"

Recargas - Ingreso de nÃºmero vÃ¡lido Tigo con un plan que permite recargas(HU018 ValidaciÃ³n nÃºmeros Validos Celular en Recargas y Paquetes)  Time elapsed: 50.369 s  <<< ERROR!
org.openqa.selenium.NoSuchElementException: 
no such element: Unable to locate element: {"method":"id","selector":"tigoune-payment-method-title"}
  (Session info: headless chrome=71.0.3578.62)
  (Driver info: chromedriver=2.42.591071 (0b695ff80972cc1a65a5cd643186d2ae582cd4ac),platform=Linux 4.18.0-1-amd64 x86_64) (WARNING: The server did not provide any stacktrace information)
Command duration or timeout: 0 milliseconds
For documentation on this error, please visit: http://seleniumhq.org/exceptions/no_such_element.html
Build info: version: '3.14.0', revision: 'aacccce0', time: '2018-08-02T20:19:58.91Z'
System info: host: 'rutan', ip: '190.248.48.5', os.name: 'Linux', os.arch: 'amd64', os.version: '4.18.0-1-amd64', java.version: '1.8.0_181'
Driver info: org.openqa.selenium.remote.RemoteWebDriver
Capabilities {acceptInsecureCerts: false, acceptSslCerts: false, applicationCacheEnabled: false, browserConnectionEnabled: false, browserName: chrome, chrome: {chromedriverVersion: 2.42.591071 (0b695ff80972cc..., userDataDir: /tmp/.org.chromium.Chromium...}, cssSelectorsEnabled: true, databaseEnabled: false, goog:chromeOptions: {debuggerAddress: localhost:35641}, handlesAlerts: true, hasTouchScreen: false, javascriptEnabled: true, locationContextEnabled: true, mobileEmulationEnabled: false, nativeEvents: true, networkConnectionEnabled: false, pageLoadStrategy: normal, platform: LINUX, platformName: LINUX, rotatable: false, setWindowRect: true, takesHeapSnapshot: true, takesScreenshot: true, unexpectedAlertBehaviour: , unhandledPromptBehavior: , version: 71.0.3578.62, webStorageEnabled: true}
Session ID: f16e0483a3029721f502c92d66538211
*** Element info: {Using=id, value=tigoune-payment-method-title}

Recargas - Ingreso de nÃºmero vÃ¡lido Tigo con un plan que permite recargas(HU018 ValidaciÃ³n nÃºmeros Validos Celular en Recargas y Paquetes)  Time elapsed: 55.079 s  <<< ERROR!
org.openqa.selenium.NoSuchElementException: 
no such element: Unable to locate element: {"method":"id","selector":"tigoune-payment-method-title"}
  (Session info: headless chrome=71.0.3578.62)
  (Driver info: chromedriver=2.42.591071 (0b695ff80972cc1a65a5cd643186d2ae582cd4ac),platform=Linux 4.18.0-1-amd64 x86_64) (WARNING: The server did not provide any stacktrace information)
Command duration or timeout: 0 milliseconds
For documentation on this error, please visit: http://seleniumhq.org/exceptions/no_such_element.html
Build info: version: '3.14.0', revision: 'aacccce0', time: '2018-08-02T20:19:58.91Z'
System info: host: 'rutan', ip: '190.248.48.5', os.name: 'Linux', os.arch: 'amd64', os.version: '4.18.0-1-amd64', java.version: '1.8.0_181'
Driver info: org.openqa.selenium.remote.RemoteWebDriver
Capabilities {acceptInsecureCerts: false, acceptSslCerts: false, applicationCacheEnabled: false, browserConnectionEnabled: false, browserName: chrome, chrome: {chromedriverVersion: 2.42.591071 (0b695ff80972cc..., userDataDir: /tmp/.org.chromium.Chromium...}, cssSelectorsEnabled: true, databaseEnabled: false, goog:chromeOptions: {debuggerAddress: localhost:41607}, handlesAlerts: true, hasTouchScreen: false, javascriptEnabled: true, locationContextEnabled: true, mobileEmulationEnabled: false, nativeEvents: true, networkConnectionEnabled: false, pageLoadStrategy: normal, platform: LINUX, platformName: LINUX, rotatable: false, setWindowRect: true, takesHeapSnapshot: true, takesScreenshot: true, unexpectedAlertBehaviour: , unhandledPromptBehavior: , version: 71.0.3578.62, webStorageEnabled: true}
Session ID: 94b7b65f9e87771341389cd016a96cc9
*** Element info: {Using=id, value=tigoune-payment-method-title}

Recargas - ValidaciÃ³n valores preestablecidos(HU019 Recarga de valores preestablecidos)  Time elapsed: 37.158 s  <<< ERROR!
org.openqa.selenium.NoSuchElementException: 
no such element: Unable to locate element: {"method":"id","selector":"edit-email-mobile"}
  (Session info: headless chrome=71.0.3578.62)
  (Driver info: chromedriver=2.42.591071 (0b695ff80972cc1a65a5cd643186d2ae582cd4ac),platform=Linux 4.18.0-1-amd64 x86_64) (WARNING: The server did not provide any stacktrace information)
Command duration or timeout: 0 milliseconds
For documentation on this error, please visit: http://seleniumhq.org/exceptions/no_such_element.html
Build info: version: '3.14.0', revision: 'aacccce0', time: '2018-08-02T20:19:58.91Z'
System info: host: 'rutan', ip: '190.248.48.5', os.name: 'Linux', os.arch: 'amd64', os.version: '4.18.0-1-amd64', java.version: '1.8.0_181'
Driver info: org.openqa.selenium.remote.RemoteWebDriver
Capabilities {acceptInsecureCerts: false, acceptSslCerts: false, applicationCacheEnabled: false, browserConnectionEnabled: false, browserName: chrome, chrome: {chromedriverVersion: 2.42.591071 (0b695ff80972cc..., userDataDir: /tmp/.org.chromium.Chromium...}, cssSelectorsEnabled: true, databaseEnabled: false, goog:chromeOptions: {debuggerAddress: localhost:34683}, handlesAlerts: true, hasTouchScreen: false, javascriptEnabled: true, locationContextEnabled: true, mobileEmulationEnabled: false, nativeEvents: true, networkConnectionEnabled: false, pageLoadStrategy: normal, platform: LINUX, platformName: LINUX, rotatable: false, setWindowRect: true, takesHeapSnapshot: true, takesScreenshot: true, unexpectedAlertBehaviour: , unhandledPromptBehavior: , version: 71.0.3578.62, webStorageEnabled: true}
Session ID: c7b2e415a8116bd73263209308dedeae
*** Element info: {Using=id, value=edit-email-mobile}

Recargas - ValidaciÃ³n valores preestablecidos(HU019 Recarga de valores preestablecidos)  Time elapsed: 37.996 s  <<< ERROR!
org.openqa.selenium.NoSuchElementException: 
no such element: Unable to locate element: {"method":"id","selector":"edit-email-mobile"}
  (Session info: headless chrome=71.0.3578.62)
  (Driver info: chromedriver=2.42.591071 (0b695ff80972cc1a65a5cd643186d2ae582cd4ac),platform=Linux 4.18.0-1-amd64 x86_64) (WARNING: The server did not provide any stacktrace information)
Command duration or timeout: 0 milliseconds
For documentation on this error, please visit: http://seleniumhq.org/exceptions/no_such_element.html
Build info: version: '3.14.0', revision: 'aacccce0', time: '2018-08-02T20:19:58.91Z'
System info: host: 'rutan', ip: '190.248.48.5', os.name: 'Linux', os.arch: 'amd64', os.version: '4.18.0-1-amd64', java.version: '1.8.0_181'
Driver info: org.openqa.selenium.remote.RemoteWebDriver
Capabilities {acceptInsecureCerts: false, acceptSslCerts: false, applicationCacheEnabled: false, browserConnectionEnabled: false, browserName: chrome, chrome: {chromedriverVersion: 2.42.591071 (0b695ff80972cc..., userDataDir: /tmp/.org.chromium.Chromium...}, cssSelectorsEnabled: true, databaseEnabled: false, goog:chromeOptions: {debuggerAddress: localhost:46171}, handlesAlerts: true, hasTouchScreen: false, javascriptEnabled: true, locationContextEnabled: true, mobileEmulationEnabled: false, nativeEvents: true, networkConnectionEnabled: false, pageLoadStrategy: normal, platform: LINUX, platformName: LINUX, rotatable: false, setWindowRect: true, takesHeapSnapshot: true, takesScreenshot: true, unexpectedAlertBehaviour: , unhandledPromptBehavior: , version: 71.0.3578.62, webStorageEnabled: true}
Session ID: 9a0c9b73f7b2934b5fad7c1057868e22
*** Element info: {Using=id, value=edit-email-mobile}

Recargas - ValidaciÃ³n valores preestablecidos(HU019 Recarga de valores preestablecidos)  Time elapsed: 37.722 s  <<< ERROR!
org.openqa.selenium.NoSuchElementException: 
no such element: Unable to locate element: {"method":"id","selector":"edit-email-mobile"}
  (Session info: headless chrome=71.0.3578.62)
  (Driver info: chromedriver=2.42.591071 (0b695ff80972cc1a65a5cd643186d2ae582cd4ac),platform=Linux 4.18.0-1-amd64 x86_64) (WARNING: The server did not provide any stacktrace information)
Command duration or timeout: 0 milliseconds
For documentation on this error, please visit: http://seleniumhq.org/exceptions/no_such_element.html
Build info: version: '3.14.0', revision: 'aacccce0', time: '2018-08-02T20:19:58.91Z'
System info: host: 'rutan', ip: '190.248.48.5', os.name: 'Linux', os.arch: 'amd64', os.version: '4.18.0-1-amd64', java.version: '1.8.0_181'
Driver info: org.openqa.selenium.remote.RemoteWebDriver
Capabilities {acceptInsecureCerts: false, acceptSslCerts: false, applicationCacheEnabled: false, browserConnectionEnabled: false, browserName: chrome, chrome: {chromedriverVersion: 2.42.591071 (0b695ff80972cc..., userDataDir: /tmp/.org.chromium.Chromium...}, cssSelectorsEnabled: true, databaseEnabled: false, goog:chromeOptions: {debuggerAddress: localhost:39607}, handlesAlerts: true, hasTouchScreen: false, javascriptEnabled: true, locationContextEnabled: true, mobileEmulationEnabled: false, nativeEvents: true, networkConnectionEnabled: false, pageLoadStrategy: normal, platform: LINUX, platformName: LINUX, rotatable: false, setWindowRect: true, takesHeapSnapshot: true, takesScreenshot: true, unexpectedAlertBehaviour: , unhandledPromptBehavior: , version: 71.0.3578.62, webStorageEnabled: true}
Session ID: b755d491e525b8749521bbee2ff13457
*** Element info: {Using=id, value=edit-email-mobile}

Recargas - ValidaciÃ³n valores preestablecidos(HU019 Recarga de valores preestablecidos)  Time elapsed: 37.518 s  <<< ERROR!
org.openqa.selenium.NoSuchElementException: 
no such element: Unable to locate element: {"method":"id","selector":"edit-email-mobile"}
  (Session info: headless chrome=71.0.3578.62)
  (Driver info: chromedriver=2.42.591071 (0b695ff80972cc1a65a5cd643186d2ae582cd4ac),platform=Linux 4.18.0-1-amd64 x86_64) (WARNING: The server did not provide any stacktrace information)
Command duration or timeout: 0 milliseconds
For documentation on this error, please visit: http://seleniumhq.org/exceptions/no_such_element.html
Build info: version: '3.14.0', revision: 'aacccce0', time: '2018-08-02T20:19:58.91Z'
System info: host: 'rutan', ip: '190.248.48.5', os.name: 'Linux', os.arch: 'amd64', os.version: '4.18.0-1-amd64', java.version: '1.8.0_181'
Driver info: org.openqa.selenium.remote.RemoteWebDriver
Capabilities {acceptInsecureCerts: false, acceptSslCerts: false, applicationCacheEnabled: false, browserConnectionEnabled: false, browserName: chrome, chrome: {chromedriverVersion: 2.42.591071 (0b695ff80972cc..., userDataDir: /tmp/.org.chromium.Chromium...}, cssSelectorsEnabled: true, databaseEnabled: false, goog:chromeOptions: {debuggerAddress: localhost:39813}, handlesAlerts: true, hasTouchScreen: false, javascriptEnabled: true, locationContextEnabled: true, mobileEmulationEnabled: false, nativeEvents: true, networkConnectionEnabled: false, pageLoadStrategy: normal, platform: LINUX, platformName: LINUX, rotatable: false, setWindowRect: true, takesHeapSnapshot: true, takesScreenshot: true, unexpectedAlertBehaviour: , unhandledPromptBehavior: , version: 71.0.3578.62, webStorageEnabled: true}
Session ID: 2e49f82a36118491987f0663dc877159
*** Element info: {Using=id, value=edit-email-mobile}

Recargas - ValidaciÃ³n valores preestablecidos(HU019 Recarga de valores preestablecidos)  Time elapsed: 41.387 s  <<< ERROR!
org.openqa.selenium.NoSuchElementException: 
no such element: Unable to locate element: {"method":"id","selector":"edit-email-mobile"}
  (Session info: headless chrome=71.0.3578.62)
  (Driver info: chromedriver=2.42.591071 (0b695ff80972cc1a65a5cd643186d2ae582cd4ac),platform=Linux 4.18.0-1-amd64 x86_64) (WARNING: The server did not provide any stacktrace information)
Command duration or timeout: 0 milliseconds
For documentation on this error, please visit: http://seleniumhq.org/exceptions/no_such_element.html
Build info: version: '3.14.0', revision: 'aacccce0', time: '2018-08-02T20:19:58.91Z'
System info: host: 'rutan', ip: '190.248.48.5', os.name: 'Linux', os.arch: 'amd64', os.version: '4.18.0-1-amd64', java.version: '1.8.0_181'
Driver info: org.openqa.selenium.remote.RemoteWebDriver
Capabilities {acceptInsecureCerts: false, acceptSslCerts: false, applicationCacheEnabled: false, browserConnectionEnabled: false, browserName: chrome, chrome: {chromedriverVersion: 2.42.591071 (0b695ff80972cc..., userDataDir: /tmp/.org.chromium.Chromium...}, cssSelectorsEnabled: true, databaseEnabled: false, goog:chromeOptions: {debuggerAddress: localhost:35797}, handlesAlerts: true, hasTouchScreen: false, javascriptEnabled: true, locationContextEnabled: true, mobileEmulationEnabled: false, nativeEvents: true, networkConnectionEnabled: false, pageLoadStrategy: normal, platform: LINUX, platformName: LINUX, rotatable: false, setWindowRect: true, takesHeapSnapshot: true, takesScreenshot: true, unexpectedAlertBehaviour: , unhandledPromptBehavior: , version: 71.0.3578.62, webStorageEnabled: true}
Session ID: 70e4a92950d42a98840116fae5c1cce2
*** Element info: {Using=id, value=edit-email-mobile}

Recargas - Valor a recargar en el rango 3.000 - 200.000(HU020 Recarga de otros valores)  Time elapsed: 49.648 s  <<< ERROR!
org.openqa.selenium.NoSuchElementException: 
no such element: Unable to locate element: {"method":"id","selector":"tigoune-payment-method-title"}
  (Session info: headless chrome=71.0.3578.62)
  (Driver info: chromedriver=2.42.591071 (0b695ff80972cc1a65a5cd643186d2ae582cd4ac),platform=Linux 4.18.0-1-amd64 x86_64) (WARNING: The server did not provide any stacktrace information)
Command duration or timeout: 0 milliseconds
For documentation on this error, please visit: http://seleniumhq.org/exceptions/no_such_element.html
Build info: version: '3.14.0', revision: 'aacccce0', time: '2018-08-02T20:19:58.91Z'
System info: host: 'rutan', ip: '190.248.48.5', os.name: 'Linux', os.arch: 'amd64', os.version: '4.18.0-1-amd64', java.version: '1.8.0_181'
Driver info: org.openqa.selenium.remote.RemoteWebDriver
Capabilities {acceptInsecureCerts: false, acceptSslCerts: false, applicationCacheEnabled: false, browserConnectionEnabled: false, browserName: chrome, chrome: {chromedriverVersion: 2.42.591071 (0b695ff80972cc..., userDataDir: /tmp/.org.chromium.Chromium...}, cssSelectorsEnabled: true, databaseEnabled: false, goog:chromeOptions: {debuggerAddress: localhost:46675}, handlesAlerts: true, hasTouchScreen: false, javascriptEnabled: true, locationContextEnabled: true, mobileEmulationEnabled: false, nativeEvents: true, networkConnectionEnabled: false, pageLoadStrategy: normal, platform: LINUX, platformName: LINUX, rotatable: false, setWindowRect: true, takesHeapSnapshot: true, takesScreenshot: true, unexpectedAlertBehaviour: , unhandledPromptBehavior: , version: 71.0.3578.62, webStorageEnabled: true}
Session ID: 93ed424af9954fbb4acc5b6dbe28ed8e
*** Element info: {Using=id, value=tigoune-payment-method-title}

Recargas - Valor a recargar en el rango 3.000 - 200.000(HU020 Recarga de otros valores)  Time elapsed: 59.192 s  <<< ERROR!
org.openqa.selenium.NoSuchElementException: 
no such element: Unable to locate element: {"method":"id","selector":"tigoune-payment-method-title"}
  (Session info: headless chrome=71.0.3578.62)
  (Driver info: chromedriver=2.42.591071 (0b695ff80972cc1a65a5cd643186d2ae582cd4ac),platform=Linux 4.18.0-1-amd64 x86_64) (WARNING: The server did not provide any stacktrace information)
Command duration or timeout: 0 milliseconds
For documentation on this error, please visit: http://seleniumhq.org/exceptions/no_such_element.html
Build info: version: '3.14.0', revision: 'aacccce0', time: '2018-08-02T20:19:58.91Z'
System info: host: 'rutan', ip: '190.248.48.5', os.name: 'Linux', os.arch: 'amd64', os.version: '4.18.0-1-amd64', java.version: '1.8.0_181'
Driver info: org.openqa.selenium.remote.RemoteWebDriver
Capabilities {acceptInsecureCerts: false, acceptSslCerts: false, applicationCacheEnabled: false, browserConnectionEnabled: false, browserName: chrome, chrome: {chromedriverVersion: 2.42.591071 (0b695ff80972cc..., userDataDir: /tmp/.org.chromium.Chromium...}, cssSelectorsEnabled: true, databaseEnabled: false, goog:chromeOptions: {debuggerAddress: localhost:41647}, handlesAlerts: true, hasTouchScreen: false, javascriptEnabled: true, locationContextEnabled: true, mobileEmulationEnabled: false, nativeEvents: true, networkConnectionEnabled: false, pageLoadStrategy: normal, platform: LINUX, platformName: LINUX, rotatable: false, setWindowRect: true, takesHeapSnapshot: true, takesScreenshot: true, unexpectedAlertBehaviour: , unhandledPromptBehavior: , version: 71.0.3578.62, webStorageEnabled: true}
Session ID: 0510ce02812bd4aec637da40d39713d4
*** Element info: {Using=id, value=tigoune-payment-method-title}

Pasarela - Pago Completo con PSE(HU021 Pago Completo de Facturas Pendientes)  Time elapsed: 39.405 s  <<< FAILURE!
java.lang.AssertionError: 

Expected: a string containing "CC"
     but: was ""

Pasarela - Pago Completo con PSE(HU021 Pago Completo de Facturas Pendientes)  Time elapsed: 40.372 s  <<< FAILURE!
java.lang.AssertionError: 

Expected: a string containing "CC"
     but: was ""

Pasarela - Pago Completo con PSE(HU021 Pago Completo de Facturas Pendientes)  Time elapsed: 43.147 s  <<< FAILURE!
java.lang.AssertionError: 

Expected: a string containing "CC"
     but: was ""

Pasarela - Responsive Seccion Hogar (Tarjeta CrÃ©dito)(Responsive de Pantallas de Pasarela de pagos)  Time elapsed: 40.191 s  <<< ERROR!
org.openqa.selenium.NoSuchElementException: 
no such element: Unable to locate element: {"method":"xpath","selector":"(//*[@id='content_list_invoices']//*[contains(@id,'btn')])[1]"}
  (Session info: headless chrome=71.0.3578.62)
  (Driver info: chromedriver=2.42.591071 (0b695ff80972cc1a65a5cd643186d2ae582cd4ac),platform=Linux 4.18.0-1-amd64 x86_64) (WARNING: The server did not provide any stacktrace information)
Command duration or timeout: 0 milliseconds
For documentation on this error, please visit: http://seleniumhq.org/exceptions/no_such_element.html
Build info: version: '3.14.0', revision: 'aacccce0', time: '2018-08-02T20:19:58.91Z'
System info: host: 'rutan', ip: '190.248.48.5', os.name: 'Linux', os.arch: 'amd64', os.version: '4.18.0-1-amd64', java.version: '1.8.0_181'
Driver info: org.openqa.selenium.remote.RemoteWebDriver
Capabilities {acceptInsecureCerts: false, acceptSslCerts: false, applicationCacheEnabled: false, browserConnectionEnabled: false, browserName: chrome, chrome: {chromedriverVersion: 2.42.591071 (0b695ff80972cc..., userDataDir: /tmp/.org.chromium.Chromium...}, cssSelectorsEnabled: true, databaseEnabled: false, goog:chromeOptions: {debuggerAddress: localhost:42095}, handlesAlerts: true, hasTouchScreen: false, javascriptEnabled: true, locationContextEnabled: true, mobileEmulationEnabled: false, nativeEvents: true, networkConnectionEnabled: false, pageLoadStrategy: normal, platform: LINUX, platformName: LINUX, rotatable: false, setWindowRect: true, takesHeapSnapshot: true, takesScreenshot: true, unexpectedAlertBehaviour: , unhandledPromptBehavior: , version: 71.0.3578.62, webStorageEnabled: true}
Session ID: 3716021bb2e70d688aba16ab701a7c9a
*** Element info: {Using=xpath, value=(//*[@id='content_list_invoices']//*[contains(@id,'btn')])[1]}

Pasarela - Responsive Seccion Hogar (Tarjeta CrÃ©dito)(Responsive de Pantallas de Pasarela de pagos)  Time elapsed: 35.445 s  <<< ERROR!
org.openqa.selenium.NoSuchElementException: 
no such element: Unable to locate element: {"method":"xpath","selector":"(//*[@id='content_list_invoices']//*[contains(@id,'btn')])[1]"}
  (Session info: headless chrome=71.0.3578.62)
  (Driver info: chromedriver=2.42.591071 (0b695ff80972cc1a65a5cd643186d2ae582cd4ac),platform=Linux 4.18.0-1-amd64 x86_64) (WARNING: The server did not provide any stacktrace information)
Command duration or timeout: 0 milliseconds
For documentation on this error, please visit: http://seleniumhq.org/exceptions/no_such_element.html
Build info: version: '3.14.0', revision: 'aacccce0', time: '2018-08-02T20:19:58.91Z'
System info: host: 'rutan', ip: '190.248.48.5', os.name: 'Linux', os.arch: 'amd64', os.version: '4.18.0-1-amd64', java.version: '1.8.0_181'
Driver info: org.openqa.selenium.remote.RemoteWebDriver
Capabilities {acceptInsecureCerts: false, acceptSslCerts: false, applicationCacheEnabled: false, browserConnectionEnabled: false, browserName: chrome, chrome: {chromedriverVersion: 2.42.591071 (0b695ff80972cc..., userDataDir: /tmp/.org.chromium.Chromium...}, cssSelectorsEnabled: true, databaseEnabled: false, goog:chromeOptions: {debuggerAddress: localhost:33937}, handlesAlerts: true, hasTouchScreen: false, javascriptEnabled: true, locationContextEnabled: true, mobileEmulationEnabled: false, nativeEvents: true, networkConnectionEnabled: false, pageLoadStrategy: normal, platform: LINUX, platformName: LINUX, rotatable: false, setWindowRect: true, takesHeapSnapshot: true, takesScreenshot: true, unexpectedAlertBehaviour: , unhandledPromptBehavior: , version: 71.0.3578.62, webStorageEnabled: true}
Session ID: d218e32b509221ee8e6b03861e68a7a8
*** Element info: {Using=xpath, value=(//*[@id='content_list_invoices']//*[contains(@id,'btn')])[1]}

Pasarela - Responsive Seccion Hogar (Tarjeta CrÃ©dito)(Responsive de Pantallas de Pasarela de pagos)  Time elapsed: 35.401 s  <<< ERROR!
org.openqa.selenium.NoSuchElementException: 
no such element: Unable to locate element: {"method":"xpath","selector":"(//*[@id='content_list_invoices']//*[contains(@id,'btn')])[1]"}
  (Session info: headless chrome=71.0.3578.62)
  (Driver info: chromedriver=2.42.591071 (0b695ff80972cc1a65a5cd643186d2ae582cd4ac),platform=Linux 4.18.0-1-amd64 x86_64) (WARNING: The server did not provide any stacktrace information)
Command duration or timeout: 0 milliseconds
For documentation on this error, please visit: http://seleniumhq.org/exceptions/no_such_element.html
Build info: version: '3.14.0', revision: 'aacccce0', time: '2018-08-02T20:19:58.91Z'
System info: host: 'rutan', ip: '190.248.48.5', os.name: 'Linux', os.arch: 'amd64', os.version: '4.18.0-1-amd64', java.version: '1.8.0_181'
Driver info: org.openqa.selenium.remote.RemoteWebDriver
Capabilities {acceptInsecureCerts: false, acceptSslCerts: false, applicationCacheEnabled: false, browserConnectionEnabled: false, browserName: chrome, chrome: {chromedriverVersion: 2.42.591071 (0b695ff80972cc..., userDataDir: /tmp/.org.chromium.Chromium...}, cssSelectorsEnabled: true, databaseEnabled: false, goog:chromeOptions: {debuggerAddress: localhost:38437}, handlesAlerts: true, hasTouchScreen: false, javascriptEnabled: true, locationContextEnabled: true, mobileEmulationEnabled: false, nativeEvents: true, networkConnectionEnabled: false, pageLoadStrategy: normal, platform: LINUX, platformName: LINUX, rotatable: false, setWindowRect: true, takesHeapSnapshot: true, takesScreenshot: true, unexpectedAlertBehaviour: , unhandledPromptBehavior: , version: 71.0.3578.62, webStorageEnabled: true}
Session ID: d6ae9e7e27d3b0ecef84b6fd8e5b35ca
*** Element info: {Using=xpath, value=(//*[@id='content_list_invoices']//*[contains(@id,'btn')])[1]}

Pasarela - Responsive Seccion Hogar (Tarjeta CrÃ©dito)(Responsive de Pantallas de Pasarela de pagos)  Time elapsed: 37.851 s  <<< ERROR!
org.openqa.selenium.NoSuchElementException: 
no such element: Unable to locate element: {"method":"xpath","selector":"(//*[@id='content_list_invoices']//*[contains(@id,'btn')])[1]"}
  (Session info: headless chrome=71.0.3578.62)
  (Driver info: chromedriver=2.42.591071 (0b695ff80972cc1a65a5cd643186d2ae582cd4ac),platform=Linux 4.18.0-1-amd64 x86_64) (WARNING: The server did not provide any stacktrace information)
Command duration or timeout: 0 milliseconds
For documentation on this error, please visit: http://seleniumhq.org/exceptions/no_such_element.html
Build info: version: '3.14.0', revision: 'aacccce0', time: '2018-08-02T20:19:58.91Z'
System info: host: 'rutan', ip: '190.248.48.5', os.name: 'Linux', os.arch: 'amd64', os.version: '4.18.0-1-amd64', java.version: '1.8.0_181'
Driver info: org.openqa.selenium.remote.RemoteWebDriver
Capabilities {acceptInsecureCerts: false, acceptSslCerts: false, applicationCacheEnabled: false, browserConnectionEnabled: false, browserName: chrome, chrome: {chromedriverVersion: 2.42.591071 (0b695ff80972cc..., userDataDir: /tmp/.org.chromium.Chromium...}, cssSelectorsEnabled: true, databaseEnabled: false, goog:chromeOptions: {debuggerAddress: localhost:37763}, handlesAlerts: true, hasTouchScreen: false, javascriptEnabled: true, locationContextEnabled: true, mobileEmulationEnabled: false, nativeEvents: true, networkConnectionEnabled: false, pageLoadStrategy: normal, platform: LINUX, platformName: LINUX, rotatable: false, setWindowRect: true, takesHeapSnapshot: true, takesScreenshot: true, unexpectedAlertBehaviour: , unhandledPromptBehavior: , version: 71.0.3578.62, webStorageEnabled: true}
Session ID: fb997da1bd05ec1241289de086c879ff
*** Element info: {Using=xpath, value=(//*[@id='content_list_invoices']//*[contains(@id,'btn')])[1]}

Pasarela - Responsive Seccion Hogar (Tarjeta CrÃ©dito)(Responsive de Pantallas de Pasarela de pagos)  Time elapsed: 40.891 s  <<< ERROR!
org.openqa.selenium.NoSuchElementException: 
no such element: Unable to locate element: {"method":"xpath","selector":"(//*[@id='content_list_invoices']//*[contains(@id,'btn')])[1]"}
  (Session info: headless chrome=71.0.3578.62)
  (Driver info: chromedriver=2.42.591071 (0b695ff80972cc1a65a5cd643186d2ae582cd4ac),platform=Linux 4.18.0-1-amd64 x86_64) (WARNING: The server did not provide any stacktrace information)
Command duration or timeout: 0 milliseconds
For documentation on this error, please visit: http://seleniumhq.org/exceptions/no_such_element.html
Build info: version: '3.14.0', revision: 'aacccce0', time: '2018-08-02T20:19:58.91Z'
System info: host: 'rutan', ip: '190.248.48.5', os.name: 'Linux', os.arch: 'amd64', os.version: '4.18.0-1-amd64', java.version: '1.8.0_181'
Driver info: org.openqa.selenium.remote.RemoteWebDriver
Capabilities {acceptInsecureCerts: false, acceptSslCerts: false, applicationCacheEnabled: false, browserConnectionEnabled: false, browserName: chrome, chrome: {chromedriverVersion: 2.42.591071 (0b695ff80972cc..., userDataDir: /tmp/.org.chromium.Chromium...}, cssSelectorsEnabled: true, databaseEnabled: false, goog:chromeOptions: {debuggerAddress: localhost:46197}, handlesAlerts: true, hasTouchScreen: false, javascriptEnabled: true, locationContextEnabled: true, mobileEmulationEnabled: false, nativeEvents: true, networkConnectionEnabled: false, pageLoadStrategy: normal, platform: LINUX, platformName: LINUX, rotatable: false, setWindowRect: true, takesHeapSnapshot: true, takesScreenshot: true, unexpectedAlertBehaviour: , unhandledPromptBehavior: , version: 71.0.3578.62, webStorageEnabled: true}
Session ID: 8167e334fb875a3699f32fb193b4886b
*** Element info: {Using=xpath, value=(//*[@id='content_list_invoices']//*[contains(@id,'btn')])[1]}

Pasarela - Responsive Seccion Hogar (Tarjeta Debito)(Responsive de Pantallas de Pasarela de pagos)  Time elapsed: 34.331 s  <<< ERROR!
org.openqa.selenium.NoSuchElementException: 
no such element: Unable to locate element: {"method":"xpath","selector":"(//*[@id='content_list_invoices']//*[contains(@id,'btn')])[1]"}
  (Session info: headless chrome=71.0.3578.62)
  (Driver info: chromedriver=2.42.591071 (0b695ff80972cc1a65a5cd643186d2ae582cd4ac),platform=Linux 4.18.0-1-amd64 x86_64) (WARNING: The server did not provide any stacktrace information)
Command duration or timeout: 0 milliseconds
For documentation on this error, please visit: http://seleniumhq.org/exceptions/no_such_element.html
Build info: version: '3.14.0', revision: 'aacccce0', time: '2018-08-02T20:19:58.91Z'
System info: host: 'rutan', ip: '190.248.48.5', os.name: 'Linux', os.arch: 'amd64', os.version: '4.18.0-1-amd64', java.version: '1.8.0_181'
Driver info: org.openqa.selenium.remote.RemoteWebDriver
Capabilities {acceptInsecureCerts: false, acceptSslCerts: false, applicationCacheEnabled: false, browserConnectionEnabled: false, browserName: chrome, chrome: {chromedriverVersion: 2.42.591071 (0b695ff80972cc..., userDataDir: /tmp/.org.chromium.Chromium...}, cssSelectorsEnabled: true, databaseEnabled: false, goog:chromeOptions: {debuggerAddress: localhost:44595}, handlesAlerts: true, hasTouchScreen: false, javascriptEnabled: true, locationContextEnabled: true, mobileEmulationEnabled: false, nativeEvents: true, networkConnectionEnabled: false, pageLoadStrategy: normal, platform: LINUX, platformName: LINUX, rotatable: false, setWindowRect: true, takesHeapSnapshot: true, takesScreenshot: true, unexpectedAlertBehaviour: , unhandledPromptBehavior: , version: 71.0.3578.62, webStorageEnabled: true}
Session ID: cb485a0a59693d975658ea8cffdfc085
*** Element info: {Using=xpath, value=(//*[@id='content_list_invoices']//*[contains(@id,'btn')])[1]}

Pasarela - Responsive Seccion Hogar (Tarjeta Debito)(Responsive de Pantallas de Pasarela de pagos)  Time elapsed: 35.075 s  <<< ERROR!
org.openqa.selenium.NoSuchElementException: 
no such element: Unable to locate element: {"method":"xpath","selector":"(//*[@id='content_list_invoices']//*[contains(@id,'btn')])[1]"}
  (Session info: headless chrome=71.0.3578.62)
  (Driver info: chromedriver=2.42.591071 (0b695ff80972cc1a65a5cd643186d2ae582cd4ac),platform=Linux 4.18.0-1-amd64 x86_64) (WARNING: The server did not provide any stacktrace information)
Command duration or timeout: 0 milliseconds
For documentation on this error, please visit: http://seleniumhq.org/exceptions/no_such_element.html
Build info: version: '3.14.0', revision: 'aacccce0', time: '2018-08-02T20:19:58.91Z'
System info: host: 'rutan', ip: '190.248.48.5', os.name: 'Linux', os.arch: 'amd64', os.version: '4.18.0-1-amd64', java.version: '1.8.0_181'
Driver info: org.openqa.selenium.remote.RemoteWebDriver
Capabilities {acceptInsecureCerts: false, acceptSslCerts: false, applicationCacheEnabled: false, browserConnectionEnabled: false, browserName: chrome, chrome: {chromedriverVersion: 2.42.591071 (0b695ff80972cc..., userDataDir: /tmp/.org.chromium.Chromium...}, cssSelectorsEnabled: true, databaseEnabled: false, goog:chromeOptions: {debuggerAddress: localhost:35971}, handlesAlerts: true, hasTouchScreen: false, javascriptEnabled: true, locationContextEnabled: true, mobileEmulationEnabled: false, nativeEvents: true, networkConnectionEnabled: false, pageLoadStrategy: normal, platform: LINUX, platformName: LINUX, rotatable: false, setWindowRect: true, takesHeapSnapshot: true, takesScreenshot: true, unexpectedAlertBehaviour: , unhandledPromptBehavior: , version: 71.0.3578.62, webStorageEnabled: true}
Session ID: 50c4f9c05e25e3e8d0a8da39b9d0e4d4
*** Element info: {Using=xpath, value=(//*[@id='content_list_invoices']//*[contains(@id,'btn')])[1]}

Pasarela - Responsive Seccion Hogar (Tarjeta Debito)(Responsive de Pantallas de Pasarela de pagos)  Time elapsed: 35.354 s  <<< ERROR!
org.openqa.selenium.NoSuchElementException: 
no such element: Unable to locate element: {"method":"xpath","selector":"(//*[@id='content_list_invoices']//*[contains(@id,'btn')])[1]"}
  (Session info: headless chrome=71.0.3578.62)
  (Driver info: chromedriver=2.42.591071 (0b695ff80972cc1a65a5cd643186d2ae582cd4ac),platform=Linux 4.18.0-1-amd64 x86_64) (WARNING: The server did not provide any stacktrace information)
Command duration or timeout: 0 milliseconds
For documentation on this error, please visit: http://seleniumhq.org/exceptions/no_such_element.html
Build info: version: '3.14.0', revision: 'aacccce0', time: '2018-08-02T20:19:58.91Z'
System info: host: 'rutan', ip: '190.248.48.5', os.name: 'Linux', os.arch: 'amd64', os.version: '4.18.0-1-amd64', java.version: '1.8.0_181'
Driver info: org.openqa.selenium.remote.RemoteWebDriver
Capabilities {acceptInsecureCerts: false, acceptSslCerts: false, applicationCacheEnabled: false, browserConnectionEnabled: false, browserName: chrome, chrome: {chromedriverVersion: 2.42.591071 (0b695ff80972cc..., userDataDir: /tmp/.org.chromium.Chromium...}, cssSelectorsEnabled: true, databaseEnabled: false, goog:chromeOptions: {debuggerAddress: localhost:37431}, handlesAlerts: true, hasTouchScreen: false, javascriptEnabled: true, locationContextEnabled: true, mobileEmulationEnabled: false, nativeEvents: true, networkConnectionEnabled: false, pageLoadStrategy: normal, platform: LINUX, platformName: LINUX, rotatable: false, setWindowRect: true, takesHeapSnapshot: true, takesScreenshot: true, unexpectedAlertBehaviour: , unhandledPromptBehavior: , version: 71.0.3578.62, webStorageEnabled: true}
Session ID: c5e823c841ca2c86473bc1a8e27b3419
*** Element info: {Using=xpath, value=(//*[@id='content_list_invoices']//*[contains(@id,'btn')])[1]}

Pasarela - Responsive Seccion Hogar (Tarjeta Debito)(Responsive de Pantallas de Pasarela de pagos)  Time elapsed: 35.982 s  <<< ERROR!
org.openqa.selenium.NoSuchElementException: 
no such element: Unable to locate element: {"method":"xpath","selector":"(//*[@id='content_list_invoices']//*[contains(@id,'btn')])[1]"}
  (Session info: headless chrome=71.0.3578.62)
  (Driver info: chromedriver=2.42.591071 (0b695ff80972cc1a65a5cd643186d2ae582cd4ac),platform=Linux 4.18.0-1-amd64 x86_64) (WARNING: The server did not provide any stacktrace information)
Command duration or timeout: 0 milliseconds
For documentation on this error, please visit: http://seleniumhq.org/exceptions/no_such_element.html
Build info: version: '3.14.0', revision: 'aacccce0', time: '2018-08-02T20:19:58.91Z'
System info: host: 'rutan', ip: '190.248.48.5', os.name: 'Linux', os.arch: 'amd64', os.version: '4.18.0-1-amd64', java.version: '1.8.0_181'
Driver info: org.openqa.selenium.remote.RemoteWebDriver
Capabilities {acceptInsecureCerts: false, acceptSslCerts: false, applicationCacheEnabled: false, browserConnectionEnabled: false, browserName: chrome, chrome: {chromedriverVersion: 2.42.591071 (0b695ff80972cc..., userDataDir: /tmp/.org.chromium.Chromium...}, cssSelectorsEnabled: true, databaseEnabled: false, goog:chromeOptions: {debuggerAddress: localhost:39769}, handlesAlerts: true, hasTouchScreen: false, javascriptEnabled: true, locationContextEnabled: true, mobileEmulationEnabled: false, nativeEvents: true, networkConnectionEnabled: false, pageLoadStrategy: normal, platform: LINUX, platformName: LINUX, rotatable: false, setWindowRect: true, takesHeapSnapshot: true, takesScreenshot: true, unexpectedAlertBehaviour: , unhandledPromptBehavior: , version: 71.0.3578.62, webStorageEnabled: true}
Session ID: 92103663e5f4aaa2995b833e4ca6ef1e
*** Element info: {Using=xpath, value=(//*[@id='content_list_invoices']//*[contains(@id,'btn')])[1]}

Pasarela - Responsive Seccion Hogar (Tarjeta Debito)(Responsive de Pantallas de Pasarela de pagos)  Time elapsed: 39.313 s  <<< ERROR!
org.openqa.selenium.NoSuchElementException: 
no such element: Unable to locate element: {"method":"xpath","selector":"(//*[@id='content_list_invoices']//*[contains(@id,'btn')])[1]"}
  (Session info: headless chrome=71.0.3578.62)
  (Driver info: chromedriver=2.42.591071 (0b695ff80972cc1a65a5cd643186d2ae582cd4ac),platform=Linux 4.18.0-1-amd64 x86_64) (WARNING: The server did not provide any stacktrace information)
Command duration or timeout: 0 milliseconds
For documentation on this error, please visit: http://seleniumhq.org/exceptions/no_such_element.html
Build info: version: '3.14.0', revision: 'aacccce0', time: '2018-08-02T20:19:58.91Z'
System info: host: 'rutan', ip: '190.248.48.5', os.name: 'Linux', os.arch: 'amd64', os.version: '4.18.0-1-amd64', java.version: '1.8.0_181'
Driver info: org.openqa.selenium.remote.RemoteWebDriver
Capabilities {acceptInsecureCerts: false, acceptSslCerts: false, applicationCacheEnabled: false, browserConnectionEnabled: false, browserName: chrome, chrome: {chromedriverVersion: 2.42.591071 (0b695ff80972cc..., userDataDir: /tmp/.org.chromium.Chromium...}, cssSelectorsEnabled: true, databaseEnabled: false, goog:chromeOptions: {debuggerAddress: localhost:42955}, handlesAlerts: true, hasTouchScreen: false, javascriptEnabled: true, locationContextEnabled: true, mobileEmulationEnabled: false, nativeEvents: true, networkConnectionEnabled: false, pageLoadStrategy: normal, platform: LINUX, platformName: LINUX, rotatable: false, setWindowRect: true, takesHeapSnapshot: true, takesScreenshot: true, unexpectedAlertBehaviour: , unhandledPromptBehavior: , version: 71.0.3578.62, webStorageEnabled: true}
Session ID: 4313d3e407770f81a0aded9722d0eec0
*** Element info: {Using=xpath, value=(//*[@id='content_list_invoices']//*[contains(@id,'btn')])[1]}

Recargas - Ingreso de nÃºmero vÃ¡lido Tigo con deuda pendiente seleccionando valor mÃ­nimo de recargas(HU022 Ingreso numero valido Tigo con deuda pendiente)  Time elapsed: 46.543 s  <<< ERROR!
org.openqa.selenium.NoSuchElementException: 
no such element: Unable to locate element: {"method":"xpath","selector":"//*[@id='debt']/div/div/div[1]/div[2]/h2"}
  (Session info: headless chrome=71.0.3578.62)
  (Driver info: chromedriver=2.42.591071 (0b695ff80972cc1a65a5cd643186d2ae582cd4ac),platform=Linux 4.18.0-1-amd64 x86_64) (WARNING: The server did not provide any stacktrace information)
Command duration or timeout: 0 milliseconds
For documentation on this error, please visit: http://seleniumhq.org/exceptions/no_such_element.html
Build info: version: '3.14.0', revision: 'aacccce0', time: '2018-08-02T20:19:58.91Z'
System info: host: 'rutan', ip: '190.248.48.5', os.name: 'Linux', os.arch: 'amd64', os.version: '4.18.0-1-amd64', java.version: '1.8.0_181'
Driver info: org.openqa.selenium.remote.RemoteWebDriver
Capabilities {acceptInsecureCerts: false, acceptSslCerts: false, applicationCacheEnabled: false, browserConnectionEnabled: false, browserName: chrome, chrome: {chromedriverVersion: 2.42.591071 (0b695ff80972cc..., userDataDir: /tmp/.org.chromium.Chromium...}, cssSelectorsEnabled: true, databaseEnabled: false, goog:chromeOptions: {debuggerAddress: localhost:35875}, handlesAlerts: true, hasTouchScreen: false, javascriptEnabled: true, locationContextEnabled: true, mobileEmulationEnabled: false, nativeEvents: true, networkConnectionEnabled: false, pageLoadStrategy: normal, platform: LINUX, platformName: LINUX, rotatable: false, setWindowRect: true, takesHeapSnapshot: true, takesScreenshot: true, unexpectedAlertBehaviour: , unhandledPromptBehavior: , version: 71.0.3578.62, webStorageEnabled: true}
Session ID: d23064153cd648f7693e8c97a011b5e3
*** Element info: {Using=xpath, value=//*[@id='debt']/div/div/div[1]/div[2]/h2}

Recargas - Ingreso de nÃºmero vÃ¡lido Tigo con deuda pendiente seleccionando la opciÃ³n de otro valor(HU022 Ingreso numero valido Tigo con deuda pendiente)  Time elapsed: 50.836 s  <<< ERROR!
org.openqa.selenium.NoSuchElementException: 
no such element: Unable to locate element: {"method":"xpath","selector":"//*[@id='debt']/div/div/div[1]/div[2]/h2"}
  (Session info: headless chrome=71.0.3578.62)
  (Driver info: chromedriver=2.42.591071 (0b695ff80972cc1a65a5cd643186d2ae582cd4ac),platform=Linux 4.18.0-1-amd64 x86_64) (WARNING: The server did not provide any stacktrace information)
Command duration or timeout: 0 milliseconds
For documentation on this error, please visit: http://seleniumhq.org/exceptions/no_such_element.html
Build info: version: '3.14.0', revision: 'aacccce0', time: '2018-08-02T20:19:58.91Z'
System info: host: 'rutan', ip: '190.248.48.5', os.name: 'Linux', os.arch: 'amd64', os.version: '4.18.0-1-amd64', java.version: '1.8.0_181'
Driver info: org.openqa.selenium.remote.RemoteWebDriver
Capabilities {acceptInsecureCerts: false, acceptSslCerts: false, applicationCacheEnabled: false, browserConnectionEnabled: false, browserName: chrome, chrome: {chromedriverVersion: 2.42.591071 (0b695ff80972cc..., userDataDir: /tmp/.org.chromium.Chromium...}, cssSelectorsEnabled: true, databaseEnabled: false, goog:chromeOptions: {debuggerAddress: localhost:39663}, handlesAlerts: true, hasTouchScreen: false, javascriptEnabled: true, locationContextEnabled: true, mobileEmulationEnabled: false, nativeEvents: true, networkConnectionEnabled: false, pageLoadStrategy: normal, platform: LINUX, platformName: LINUX, rotatable: false, setWindowRect: true, takesHeapSnapshot: true, takesScreenshot: true, unexpectedAlertBehaviour: , unhandledPromptBehavior: , version: 71.0.3578.62, webStorageEnabled: true}
Session ID: 3df84fe22fd520da347bc90268a2a909
*** Element info: {Using=xpath, value=//*[@id='debt']/div/div/div[1]/div[2]/h2}

Recargas - Ingreso de nÃºmero vÃ¡lido Tigo con deuda pendiente seleccionando continuar(HU022 Ingreso numero valido Tigo con deuda pendiente)  Time elapsed: 47.207 s  <<< ERROR!
org.openqa.selenium.NoSuchElementException: 
no such element: Unable to locate element: {"method":"xpath","selector":"//*[@id='debt']/div/div/div[1]/div[2]/h2"}
  (Session info: headless chrome=71.0.3578.62)
  (Driver info: chromedriver=2.42.591071 (0b695ff80972cc1a65a5cd643186d2ae582cd4ac),platform=Linux 4.18.0-1-amd64 x86_64) (WARNING: The server did not provide any stacktrace information)
Command duration or timeout: 0 milliseconds
For documentation on this error, please visit: http://seleniumhq.org/exceptions/no_such_element.html
Build info: version: '3.14.0', revision: 'aacccce0', time: '2018-08-02T20:19:58.91Z'
System info: host: 'rutan', ip: '190.248.48.5', os.name: 'Linux', os.arch: 'amd64', os.version: '4.18.0-1-amd64', java.version: '1.8.0_181'
Driver info: org.openqa.selenium.remote.RemoteWebDriver
Capabilities {acceptInsecureCerts: false, acceptSslCerts: false, applicationCacheEnabled: false, browserConnectionEnabled: false, browserName: chrome, chrome: {chromedriverVersion: 2.42.591071 (0b695ff80972cc..., userDataDir: /tmp/.org.chromium.Chromium...}, cssSelectorsEnabled: true, databaseEnabled: false, goog:chromeOptions: {debuggerAddress: localhost:38859}, handlesAlerts: true, hasTouchScreen: false, javascriptEnabled: true, locationContextEnabled: true, mobileEmulationEnabled: false, nativeEvents: true, networkConnectionEnabled: false, pageLoadStrategy: normal, platform: LINUX, platformName: LINUX, rotatable: false, setWindowRect: true, takesHeapSnapshot: true, takesScreenshot: true, unexpectedAlertBehaviour: , unhandledPromptBehavior: , version: 71.0.3578.62, webStorageEnabled: true}
Session ID: 57f411f6ceb7c0e0967df45d43d19afc
*** Element info: {Using=xpath, value=//*[@id='debt']/div/div/div[1]/div[2]/h2}

Recargas - Ingreso de nÃºmero vÃ¡lido Tigo con deuda pendiente seleccionando continuar(HU022 Ingreso numero valido Tigo con deuda pendiente)  Time elapsed: 58.885 s  <<< ERROR!
org.openqa.selenium.NoSuchElementException: 
no such element: Unable to locate element: {"method":"xpath","selector":"//*[@id='debt']/div/div/div[1]/div[2]/h2"}
  (Session info: headless chrome=71.0.3578.62)
  (Driver info: chromedriver=2.42.591071 (0b695ff80972cc1a65a5cd643186d2ae582cd4ac),platform=Linux 4.18.0-1-amd64 x86_64) (WARNING: The server did not provide any stacktrace information)
Command duration or timeout: 0 milliseconds
For documentation on this error, please visit: http://seleniumhq.org/exceptions/no_such_element.html
Build info: version: '3.14.0', revision: 'aacccce0', time: '2018-08-02T20:19:58.91Z'
System info: host: 'rutan', ip: '190.248.48.5', os.name: 'Linux', os.arch: 'amd64', os.version: '4.18.0-1-amd64', java.version: '1.8.0_181'
Driver info: org.openqa.selenium.remote.RemoteWebDriver
Capabilities {acceptInsecureCerts: false, acceptSslCerts: false, applicationCacheEnabled: false, browserConnectionEnabled: false, browserName: chrome, chrome: {chromedriverVersion: 2.42.591071 (0b695ff80972cc..., userDataDir: /tmp/.org.chromium.Chromium...}, cssSelectorsEnabled: true, databaseEnabled: false, goog:chromeOptions: {debuggerAddress: localhost:36959}, handlesAlerts: true, hasTouchScreen: false, javascriptEnabled: true, locationContextEnabled: true, mobileEmulationEnabled: false, nativeEvents: true, networkConnectionEnabled: false, pageLoadStrategy: normal, platform: LINUX, platformName: LINUX, rotatable: false, setWindowRect: true, takesHeapSnapshot: true, takesScreenshot: true, unexpectedAlertBehaviour: , unhandledPromptBehavior: , version: 71.0.3578.62, webStorageEnabled: true}
Session ID: 7d4004bb73066324a4d000c6d343eb43
*** Element info: {Using=xpath, value=//*[@id='debt']/div/div/div[1]/div[2]/h2}

Recargas - Ingreso de nÃºmero vÃ¡lido Tigo con deuda pendiente seleccionando Aumentar Recarga(HU022 Ingreso numero valido Tigo con deuda pendiente)  Time elapsed: 50.58 s  <<< ERROR!
org.openqa.selenium.NoSuchElementException: 
no such element: Unable to locate element: {"method":"xpath","selector":"//*[@id='debt']/div/div/div[1]/div[2]/h2"}
  (Session info: headless chrome=71.0.3578.62)
  (Driver info: chromedriver=2.42.591071 (0b695ff80972cc1a65a5cd643186d2ae582cd4ac),platform=Linux 4.18.0-1-amd64 x86_64) (WARNING: The server did not provide any stacktrace information)
Command duration or timeout: 0 milliseconds
For documentation on this error, please visit: http://seleniumhq.org/exceptions/no_such_element.html
Build info: version: '3.14.0', revision: 'aacccce0', time: '2018-08-02T20:19:58.91Z'
System info: host: 'rutan', ip: '190.248.48.5', os.name: 'Linux', os.arch: 'amd64', os.version: '4.18.0-1-amd64', java.version: '1.8.0_181'
Driver info: org.openqa.selenium.remote.RemoteWebDriver
Capabilities {acceptInsecureCerts: false, acceptSslCerts: false, applicationCacheEnabled: false, browserConnectionEnabled: false, browserName: chrome, chrome: {chromedriverVersion: 2.42.591071 (0b695ff80972cc..., userDataDir: /tmp/.org.chromium.Chromium...}, cssSelectorsEnabled: true, databaseEnabled: false, goog:chromeOptions: {debuggerAddress: localhost:34851}, handlesAlerts: true, hasTouchScreen: false, javascriptEnabled: true, locationContextEnabled: true, mobileEmulationEnabled: false, nativeEvents: true, networkConnectionEnabled: false, pageLoadStrategy: normal, platform: LINUX, platformName: LINUX, rotatable: false, setWindowRect: true, takesHeapSnapshot: true, takesScreenshot: true, unexpectedAlertBehaviour: , unhandledPromptBehavior: , version: 71.0.3578.62, webStorageEnabled: true}
Session ID: a412f4fc069f4ed4b55bfc94ebb42dae
*** Element info: {Using=xpath, value=//*[@id='debt']/div/div/div[1]/div[2]/h2}

Recargas - Ingreso de nÃºmero vÃ¡lido Tigo con deuda pendiente seleccionando Aumentar Recarga(HU022 Ingreso numero valido Tigo con deuda pendiente)  Time elapsed: 61.52 s  <<< ERROR!
org.openqa.selenium.NoSuchElementException: 
no such element: Unable to locate element: {"method":"xpath","selector":"//*[@id='debt']/div/div/div[1]/div[2]/h2"}
  (Session info: headless chrome=71.0.3578.62)
  (Driver info: chromedriver=2.42.591071 (0b695ff80972cc1a65a5cd643186d2ae582cd4ac),platform=Linux 4.18.0-1-amd64 x86_64) (WARNING: The server did not provide any stacktrace information)
Command duration or timeout: 0 milliseconds
For documentation on this error, please visit: http://seleniumhq.org/exceptions/no_such_element.html
Build info: version: '3.14.0', revision: 'aacccce0', time: '2018-08-02T20:19:58.91Z'
System info: host: 'rutan', ip: '190.248.48.5', os.name: 'Linux', os.arch: 'amd64', os.version: '4.18.0-1-amd64', java.version: '1.8.0_181'
Driver info: org.openqa.selenium.remote.RemoteWebDriver
Capabilities {acceptInsecureCerts: false, acceptSslCerts: false, applicationCacheEnabled: false, browserConnectionEnabled: false, browserName: chrome, chrome: {chromedriverVersion: 2.42.591071 (0b695ff80972cc..., userDataDir: /tmp/.org.chromium.Chromium...}, cssSelectorsEnabled: true, databaseEnabled: false, goog:chromeOptions: {debuggerAddress: localhost:34757}, handlesAlerts: true, hasTouchScreen: false, javascriptEnabled: true, locationContextEnabled: true, mobileEmulationEnabled: false, nativeEvents: true, networkConnectionEnabled: false, pageLoadStrategy: normal, platform: LINUX, platformName: LINUX, rotatable: false, setWindowRect: true, takesHeapSnapshot: true, takesScreenshot: true, unexpectedAlertBehaviour: , unhandledPromptBehavior: , version: 71.0.3578.62, webStorageEnabled: true}
Session ID: c96e2ac3487815c73f122527d97d9f14
*** Element info: {Using=xpath, value=//*[@id='debt']/div/div/div[1]/div[2]/h2}

Paga tus facturas(HU003 Funcionalidades Mi cuenta AnÃ³nimo)  Time elapsed: 39.315 s  <<< ERROR!
org.openqa.selenium.NoSuchElementException: 
no such element: Unable to locate element: {"method":"xpath","selector":"//*[@id='edit-radios']/div[2]/label"}
  (Session info: headless chrome=71.0.3578.62)
  (Driver info: chromedriver=2.42.591071 (0b695ff80972cc1a65a5cd643186d2ae582cd4ac),platform=Linux 4.18.0-1-amd64 x86_64) (WARNING: The server did not provide any stacktrace information)
Command duration or timeout: 0 milliseconds
For documentation on this error, please visit: http://seleniumhq.org/exceptions/no_such_element.html
Build info: version: '3.14.0', revision: 'aacccce0', time: '2018-08-02T20:19:58.91Z'
System info: host: 'rutan', ip: '190.248.48.5', os.name: 'Linux', os.arch: 'amd64', os.version: '4.18.0-1-amd64', java.version: '1.8.0_181'
Driver info: org.openqa.selenium.remote.RemoteWebDriver
Capabilities {acceptInsecureCerts: false, acceptSslCerts: false, applicationCacheEnabled: false, browserConnectionEnabled: false, browserName: chrome, chrome: {chromedriverVersion: 2.42.591071 (0b695ff80972cc..., userDataDir: /tmp/.org.chromium.Chromium...}, cssSelectorsEnabled: true, databaseEnabled: false, goog:chromeOptions: {debuggerAddress: localhost:35561}, handlesAlerts: true, hasTouchScreen: false, javascriptEnabled: true, locationContextEnabled: true, mobileEmulationEnabled: false, nativeEvents: true, networkConnectionEnabled: false, pageLoadStrategy: normal, platform: LINUX, platformName: LINUX, rotatable: false, setWindowRect: true, takesHeapSnapshot: true, takesScreenshot: true, unexpectedAlertBehaviour: , unhandledPromptBehavior: , version: 71.0.3578.62, webStorageEnabled: true}
Session ID: 4e71d957880300f16112b2c63589d63d
*** Element info: {Using=xpath, value=//*[@id='edit-radios']/div[2]/label}

Mi Cuenta - CÃ¡mbiate ya en Resumen de lÃ­nea mÃ³vil con plan 5.1(HU006_CambioDePlanMenuResumen)  Time elapsed: 78.953 s  <<< ERROR!
org.openqa.selenium.NoSuchElementException: 
no such element: Unable to locate element: {"method":"xpath","selector":"//*[@id='compras-noplan-container']/h3"}
  (Session info: headless chrome=71.0.3578.62)
  (Driver info: chromedriver=2.42.591071 (0b695ff80972cc1a65a5cd643186d2ae582cd4ac),platform=Linux 4.18.0-1-amd64 x86_64) (WARNING: The server did not provide any stacktrace information)
Command duration or timeout: 0 milliseconds
For documentation on this error, please visit: http://seleniumhq.org/exceptions/no_such_element.html
Build info: version: '3.14.0', revision: 'aacccce0', time: '2018-08-02T20:19:58.91Z'
System info: host: 'rutan', ip: '190.248.48.5', os.name: 'Linux', os.arch: 'amd64', os.version: '4.18.0-1-amd64', java.version: '1.8.0_181'
Driver info: org.openqa.selenium.remote.RemoteWebDriver
Capabilities {acceptInsecureCerts: false, acceptSslCerts: false, applicationCacheEnabled: false, browserConnectionEnabled: false, browserName: chrome, chrome: {chromedriverVersion: 2.42.591071 (0b695ff80972cc..., userDataDir: /tmp/.org.chromium.Chromium...}, cssSelectorsEnabled: true, databaseEnabled: false, goog:chromeOptions: {debuggerAddress: localhost:39455}, handlesAlerts: true, hasTouchScreen: false, javascriptEnabled: true, locationContextEnabled: true, mobileEmulationEnabled: false, nativeEvents: true, networkConnectionEnabled: false, pageLoadStrategy: normal, platform: LINUX, platformName: LINUX, rotatable: false, setWindowRect: true, takesHeapSnapshot: true, takesScreenshot: true, unexpectedAlertBehaviour: , unhandledPromptBehavior: , version: 71.0.3578.62, webStorageEnabled: true}
Session ID: e7da0c505b51821de549a7b032e5e7bf
*** Element info: {Using=xpath, value=//*[@id='compras-noplan-container']/h3}

Mi Cuenta - CÃ¡mbiate ya en resumen de lÃ­nea mÃ³vil con plan Empleados(HU006_CambioDePlanMenuResumen)  Time elapsed: 40.45 s  <<< FAILURE!
java.lang.AssertionError: No se clickeo ningÃºn elemento By.xpath: //*[@id='account-mobile-selector']|//*[@id='block-accountsblock-2']//span[@class='line']

Recargas - VisualizaciÃ³n de opciÃ³n adelanta saldo como medio de pago(Adelanta Saldo)  Time elapsed: 36.291 s  <<< ERROR!
org.openqa.selenium.NoSuchElementException: 
no such element: Unable to locate element: {"method":"id","selector":"edit-email-mobile"}
  (Session info: headless chrome=71.0.3578.62)
  (Driver info: chromedriver=2.42.591071 (0b695ff80972cc1a65a5cd643186d2ae582cd4ac),platform=Linux 4.18.0-1-amd64 x86_64) (WARNING: The server did not provide any stacktrace information)
Command duration or timeout: 0 milliseconds
For documentation on this error, please visit: http://seleniumhq.org/exceptions/no_such_element.html
Build info: version: '3.14.0', revision: 'aacccce0', time: '2018-08-02T20:19:58.91Z'
System info: host: 'rutan', ip: '190.248.48.5', os.name: 'Linux', os.arch: 'amd64', os.version: '4.18.0-1-amd64', java.version: '1.8.0_181'
Driver info: org.openqa.selenium.remote.RemoteWebDriver
Capabilities {acceptInsecureCerts: false, acceptSslCerts: false, applicationCacheEnabled: false, browserConnectionEnabled: false, browserName: chrome, chrome: {chromedriverVersion: 2.42.591071 (0b695ff80972cc..., userDataDir: /tmp/.org.chromium.Chromium...}, cssSelectorsEnabled: true, databaseEnabled: false, goog:chromeOptions: {debuggerAddress: localhost:40693}, handlesAlerts: true, hasTouchScreen: false, javascriptEnabled: true, locationContextEnabled: true, mobileEmulationEnabled: false, nativeEvents: true, networkConnectionEnabled: false, pageLoadStrategy: normal, platform: LINUX, platformName: LINUX, rotatable: false, setWindowRect: true, takesHeapSnapshot: true, takesScreenshot: true, unexpectedAlertBehaviour: , unhandledPromptBehavior: , version: 71.0.3578.62, webStorageEnabled: true}
Session ID: a0e5b68f0b1a250c2363291809f0bc64
*** Element info: {Using=id, value=edit-email-mobile}

Mi Cuenta - Descarga de factura en menÃº resumen(HU008_DescargaDeFacturaMovil)  Time elapsed: 72.298 s  <<< FAILURE!
java.lang.AssertionError: No se logrÃ³ borrar el archivo /var/lib/jenkins/workspace/Pasarela_pagos/metis/automatizacion_base/8949922222.pdf

Mi Cuenta - Descarga de factura en menÃº facturaciÃ³n(HU008_DescargaDeFacturaMovil)  Time elapsed: 72.589 s  <<< FAILURE!
java.lang.AssertionError: No se logrÃ³ borrar el archivo /var/lib/jenkins/workspace/Pasarela_pagos/metis/automatizacion_base/8949411062.pdf

Mi Cuenta - Consumos Mensajes Seleccionando Fecha del Calendario(HU009_ConsumosMovil)  Time elapsed: 51.044 s  <<< FAILURE!
java.lang.AssertionError: No se clickeo ningÃºn elemento By.xpath: ((//*[@id='lines'])//a[contains(.,'Hibrido - Mi linea Tigo')])

Mi Cuenta - Transferir saldo(HU013_SaldosEnDinero)  Time elapsed: 83.095 s  <<< ERROR!
org.openqa.selenium.NoSuchElementException: 
no such element: Unable to locate element: {"method":"xpath","selector":"//*[contains(@id,'edit-next--')]"}
  (Session info: headless chrome=71.0.3578.62)
  (Driver info: chromedriver=2.42.591071 (0b695ff80972cc1a65a5cd643186d2ae582cd4ac),platform=Linux 4.18.0-1-amd64 x86_64) (WARNING: The server did not provide any stacktrace information)
Command duration or timeout: 0 milliseconds
For documentation on this error, please visit: http://seleniumhq.org/exceptions/no_such_element.html
Build info: version: '3.14.0', revision: 'aacccce0', time: '2018-08-02T20:19:58.91Z'
System info: host: 'rutan', ip: '190.248.48.5', os.name: 'Linux', os.arch: 'amd64', os.version: '4.18.0-1-amd64', java.version: '1.8.0_181'
Driver info: org.openqa.selenium.remote.RemoteWebDriver
Capabilities {acceptInsecureCerts: false, acceptSslCerts: false, applicationCacheEnabled: false, browserConnectionEnabled: false, browserName: chrome, chrome: {chromedriverVersion: 2.42.591071 (0b695ff80972cc..., userDataDir: /tmp/.org.chromium.Chromium...}, cssSelectorsEnabled: true, databaseEnabled: false, goog:chromeOptions: {debuggerAddress: localhost:42791}, handlesAlerts: true, hasTouchScreen: false, javascriptEnabled: true, locationContextEnabled: true, mobileEmulationEnabled: false, nativeEvents: true, networkConnectionEnabled: false, pageLoadStrategy: normal, platform: LINUX, platformName: LINUX, rotatable: false, setWindowRect: true, takesHeapSnapshot: true, takesScreenshot: true, unexpectedAlertBehaviour: , unhandledPromptBehavior: , version: 71.0.3578.62, webStorageEnabled: true}
Session ID: 493bdc658d8a1b077f97a7acddd0a988
*** Element info: {Using=xpath, value=//*[contains(@id,'edit-next--')]}

Mejora tu plan(HU015_MejoraTuPlan)  Time elapsed: 46.106 s  <<< FAILURE!
java.lang.AssertionError: No se clickeo ningÃºn elemento By.xpath: ((//*[@id='lines'])//a[contains(.,'Hibrido - Mi linea Tigo')])

Mi Cuenta - Descarga de Ãºltima factura(HU016_DescargaFacturaServiciosFijos)  Time elapsed: 72.495 s  <<< FAILURE!
java.lang.AssertionError: No se logrÃ³ borrar el archivo /var/lib/jenkins/workspace/Pasarela_pagos/metis/automatizacion_base/11231944.951397311-44.pdf

Mi Cuenta - Descarga en historico de factura(HU016_DescargaFacturaServiciosFijos)  Time elapsed: 46.309 s  <<< ERROR!
org.openqa.selenium.WebDriverException: 
unknown error: Element <div ng-if="k == 'invoice_downloadUrl'" class="ng-scope" style="">...</div> is not clickable at point (718, 592). Other element would receive the click: <iframe title="Abre un widget desde donde se puede obtener mÃ¡s informaciÃ³n" id="launcher" tabindex="0" class="zEWidget-launcher zEWidget-launcher--active" style="border: none; background: transparent; z-index: 999998; transform: translateZ(0px); position: fixed; transition: opacity 250ms cubic-bezier(0.645, 0.045, 0.355, 1) 0s, top, bottom; opacity: 0; width: 132px; height: 50px; max-height: 551px; min-height: 50px; margin: 10px 20px; right: 0px; bottom: -20px;"></iframe>
  (Session info: headless chrome=71.0.3578.62)
  (Driver info: chromedriver=2.42.591071 (0b695ff80972cc1a65a5cd643186d2ae582cd4ac),platform=Linux 4.18.0-1-amd64 x86_64) (WARNING: The server did not provide any stacktrace information)
Command duration or timeout: 0 milliseconds
Build info: version: '3.14.0', revision: 'aacccce0', time: '2018-08-02T20:19:58.91Z'
System info: host: 'rutan', ip: '190.248.48.5', os.name: 'Linux', os.arch: 'amd64', os.version: '4.18.0-1-amd64', java.version: '1.8.0_181'
Driver info: org.openqa.selenium.remote.RemoteWebDriver
Capabilities {acceptInsecureCerts: false, acceptSslCerts: false, applicationCacheEnabled: false, browserConnectionEnabled: false, browserName: chrome, chrome: {chromedriverVersion: 2.42.591071 (0b695ff80972cc..., userDataDir: /tmp/.org.chromium.Chromium...}, cssSelectorsEnabled: true, databaseEnabled: false, goog:chromeOptions: {debuggerAddress: localhost:34035}, handlesAlerts: true, hasTouchScreen: false, javascriptEnabled: true, locationContextEnabled: true, mobileEmulationEnabled: false, nativeEvents: true, networkConnectionEnabled: false, pageLoadStrategy: normal, platform: LINUX, platformName: LINUX, rotatable: false, setWindowRect: true, takesHeapSnapshot: true, takesScreenshot: true, unexpectedAlertBehaviour: , unhandledPromptBehavior: , version: 71.0.3578.62, webStorageEnabled: true}
Session ID: 76ff9d2ecc3978879dbc77cace55a131

Recargas - Recarga Valor Preestablecido seleccionando Tarjeta de CrÃ©dito(Responsive de Pantallas de Recargas)  Time elapsed: 52.951 s  <<< ERROR!
org.openqa.selenium.NoSuchElementException: 
no such element: Unable to locate element: {"method":"id","selector":"tigoune-payment-method-title"}
  (Session info: headless chrome=71.0.3578.62)
  (Driver info: chromedriver=2.42.591071 (0b695ff80972cc1a65a5cd643186d2ae582cd4ac),platform=Linux 4.18.0-1-amd64 x86_64) (WARNING: The server did not provide any stacktrace information)
Command duration or timeout: 0 milliseconds
For documentation on this error, please visit: http://seleniumhq.org/exceptions/no_such_element.html
Build info: version: '3.14.0', revision: 'aacccce0', time: '2018-08-02T20:19:58.91Z'
System info: host: 'rutan', ip: '190.248.48.5', os.name: 'Linux', os.arch: 'amd64', os.version: '4.18.0-1-amd64', java.version: '1.8.0_181'
Driver info: org.openqa.selenium.remote.RemoteWebDriver
Capabilities {acceptInsecureCerts: false, acceptSslCerts: false, applicationCacheEnabled: false, browserConnectionEnabled: false, browserName: chrome, chrome: {chromedriverVersion: 2.42.591071 (0b695ff80972cc..., userDataDir: /tmp/.org.chromium.Chromium...}, cssSelectorsEnabled: true, databaseEnabled: false, goog:chromeOptions: {debuggerAddress: localhost:40133}, handlesAlerts: true, hasTouchScreen: false, javascriptEnabled: true, locationContextEnabled: true, mobileEmulationEnabled: false, nativeEvents: true, networkConnectionEnabled: false, pageLoadStrategy: normal, platform: LINUX, platformName: LINUX, rotatable: false, setWindowRect: true, takesHeapSnapshot: true, takesScreenshot: true, unexpectedAlertBehaviour: , unhandledPromptBehavior: , version: 71.0.3578.62, webStorageEnabled: true}
Session ID: 210a73eed0f3c8d215cdec92037993b4
*** Element info: {Using=id, value=tigoune-payment-method-title}

Recargas - Recarga Valor Preestablecido seleccionando Tarjeta de CrÃ©dito(Responsive de Pantallas de Recargas)  Time elapsed: 57.607 s  <<< ERROR!
org.openqa.selenium.NoSuchElementException: 
no such element: Unable to locate element: {"method":"id","selector":"tigoune-payment-method-title"}
  (Session info: headless chrome=71.0.3578.62)
  (Driver info: chromedriver=2.42.591071 (0b695ff80972cc1a65a5cd643186d2ae582cd4ac),platform=Linux 4.18.0-1-amd64 x86_64) (WARNING: The server did not provide any stacktrace information)
Command duration or timeout: 0 milliseconds
For documentation on this error, please visit: http://seleniumhq.org/exceptions/no_such_element.html
Build info: version: '3.14.0', revision: 'aacccce0', time: '2018-08-02T20:19:58.91Z'
System info: host: 'rutan', ip: '190.248.48.5', os.name: 'Linux', os.arch: 'amd64', os.version: '4.18.0-1-amd64', java.version: '1.8.0_181'
Driver info: org.openqa.selenium.remote.RemoteWebDriver
Capabilities {acceptInsecureCerts: false, acceptSslCerts: false, applicationCacheEnabled: false, browserConnectionEnabled: false, browserName: chrome, chrome: {chromedriverVersion: 2.42.591071 (0b695ff80972cc..., userDataDir: /tmp/.org.chromium.Chromium...}, cssSelectorsEnabled: true, databaseEnabled: false, goog:chromeOptions: {debuggerAddress: localhost:38755}, handlesAlerts: true, hasTouchScreen: false, javascriptEnabled: true, locationContextEnabled: true, mobileEmulationEnabled: false, nativeEvents: true, networkConnectionEnabled: false, pageLoadStrategy: normal, platform: LINUX, platformName: LINUX, rotatable: false, setWindowRect: true, takesHeapSnapshot: true, takesScreenshot: true, unexpectedAlertBehaviour: , unhandledPromptBehavior: , version: 71.0.3578.62, webStorageEnabled: true}
Session ID: 3e68c481742453a88c965a7784670670
*** Element info: {Using=id, value=tigoune-payment-method-title}

Recargas - Recarga Valor Preestablecido seleccionando Tarjeta de CrÃ©dito(Responsive de Pantallas de Recargas)  Time elapsed: 76.525 s  <<< ERROR!
org.openqa.selenium.NoSuchElementException: 
no such element: Unable to locate element: {"method":"id","selector":"tigoune-payment-method-title"}
  (Session info: headless chrome=71.0.3578.62)
  (Driver info: chromedriver=2.42.591071 (0b695ff80972cc1a65a5cd643186d2ae582cd4ac),platform=Linux 4.18.0-1-amd64 x86_64) (WARNING: The server did not provide any stacktrace information)
Command duration or timeout: 0 milliseconds
For documentation on this error, please visit: http://seleniumhq.org/exceptions/no_such_element.html
Build info: version: '3.14.0', revision: 'aacccce0', time: '2018-08-02T20:19:58.91Z'
System info: host: 'rutan', ip: '190.248.48.5', os.name: 'Linux', os.arch: 'amd64', os.version: '4.18.0-1-amd64', java.version: '1.8.0_181'
Driver info: org.openqa.selenium.remote.RemoteWebDriver
Capabilities {acceptInsecureCerts: false, acceptSslCerts: false, applicationCacheEnabled: false, browserConnectionEnabled: false, browserName: chrome, chrome: {chromedriverVersion: 2.42.591071 (0b695ff80972cc..., userDataDir: /tmp/.org.chromium.Chromium...}, cssSelectorsEnabled: true, databaseEnabled: false, goog:chromeOptions: {debuggerAddress: localhost:46237}, handlesAlerts: true, hasTouchScreen: false, javascriptEnabled: true, locationContextEnabled: true, mobileEmulationEnabled: false, nativeEvents: true, networkConnectionEnabled: false, pageLoadStrategy: normal, platform: LINUX, platformName: LINUX, rotatable: false, setWindowRect: true, takesHeapSnapshot: true, takesScreenshot: true, unexpectedAlertBehaviour: , unhandledPromptBehavior: , version: 71.0.3578.62, webStorageEnabled: true}
Session ID: 3d6de60100a653f223437d6237bb178f
*** Element info: {Using=id, value=tigoune-payment-method-title}

Recargas - Recarga Valor Preestablecido seleccionando Tarjeta de CrÃ©dito(Responsive de Pantallas de Recargas)  Time elapsed: 61.607 s  <<< ERROR!
org.openqa.selenium.NoSuchElementException: 
no such element: Unable to locate element: {"method":"id","selector":"tigoune-payment-method-title"}
  (Session info: headless chrome=71.0.3578.62)
  (Driver info: chromedriver=2.42.591071 (0b695ff80972cc1a65a5cd643186d2ae582cd4ac),platform=Linux 4.18.0-1-amd64 x86_64) (WARNING: The server did not provide any stacktrace information)
Command duration or timeout: 0 milliseconds
For documentation on this error, please visit: http://seleniumhq.org/exceptions/no_such_element.html
Build info: version: '3.14.0', revision: 'aacccce0', time: '2018-08-02T20:19:58.91Z'
System info: host: 'rutan', ip: '190.248.48.5', os.name: 'Linux', os.arch: 'amd64', os.version: '4.18.0-1-amd64', java.version: '1.8.0_181'
Driver info: org.openqa.selenium.remote.RemoteWebDriver
Capabilities {acceptInsecureCerts: false, acceptSslCerts: false, applicationCacheEnabled: false, browserConnectionEnabled: false, browserName: chrome, chrome: {chromedriverVersion: 2.42.591071 (0b695ff80972cc..., userDataDir: /tmp/.org.chromium.Chromium...}, cssSelectorsEnabled: true, databaseEnabled: false, goog:chromeOptions: {debuggerAddress: localhost:44201}, handlesAlerts: true, hasTouchScreen: false, javascriptEnabled: true, locationContextEnabled: true, mobileEmulationEnabled: false, nativeEvents: true, networkConnectionEnabled: false, pageLoadStrategy: normal, platform: LINUX, platformName: LINUX, rotatable: false, setWindowRect: true, takesHeapSnapshot: true, takesScreenshot: true, unexpectedAlertBehaviour: , unhandledPromptBehavior: , version: 71.0.3578.62, webStorageEnabled: true}
Session ID: 1ca065c30cacbfb61c9636e85d3db648
*** Element info: {Using=id, value=tigoune-payment-method-title}

Recargas - Recarga Valor Preestablecido seleccionando Tarjeta de CrÃ©dito(Responsive de Pantallas de Recargas)  Time elapsed: 55.936 s  <<< ERROR!
org.openqa.selenium.NoSuchElementException: 
no such element: Unable to locate element: {"method":"id","selector":"tigoune-payment-method-title"}
  (Session info: headless chrome=71.0.3578.62)
  (Driver info: chromedriver=2.42.591071 (0b695ff80972cc1a65a5cd643186d2ae582cd4ac),platform=Linux 4.18.0-1-amd64 x86_64) (WARNING: The server did not provide any stacktrace information)
Command duration or timeout: 0 milliseconds
For documentation on this error, please visit: http://seleniumhq.org/exceptions/no_such_element.html
Build info: version: '3.14.0', revision: 'aacccce0', time: '2018-08-02T20:19:58.91Z'
System info: host: 'rutan', ip: '190.248.48.5', os.name: 'Linux', os.arch: 'amd64', os.version: '4.18.0-1-amd64', java.version: '1.8.0_181'
Driver info: org.openqa.selenium.remote.RemoteWebDriver
Capabilities {acceptInsecureCerts: false, acceptSslCerts: false, applicationCacheEnabled: false, browserConnectionEnabled: false, browserName: chrome, chrome: {chromedriverVersion: 2.42.591071 (0b695ff80972cc..., userDataDir: /tmp/.org.chromium.Chromium...}, cssSelectorsEnabled: true, databaseEnabled: false, goog:chromeOptions: {debuggerAddress: localhost:36367}, handlesAlerts: true, hasTouchScreen: false, javascriptEnabled: true, locationContextEnabled: true, mobileEmulationEnabled: false, nativeEvents: true, networkConnectionEnabled: false, pageLoadStrategy: normal, platform: LINUX, platformName: LINUX, rotatable: false, setWindowRect: true, takesHeapSnapshot: true, takesScreenshot: true, unexpectedAlertBehaviour: , unhandledPromptBehavior: , version: 71.0.3578.62, webStorageEnabled: true}
Session ID: 92f727a9c995703ac7f4dc9eb17541f7
*** Element info: {Using=id, value=tigoune-payment-method-title}

Recargas - Recarga Valor Preestablecido seleccionando Tarjeta de Debito(Responsive de Pantallas de Recargas)  Time elapsed: 62.795 s  <<< ERROR!
org.openqa.selenium.NoSuchElementException: 
no such element: Unable to locate element: {"method":"id","selector":"tigoune-payment-method-title"}
  (Session info: headless chrome=71.0.3578.62)
  (Driver info: chromedriver=2.42.591071 (0b695ff80972cc1a65a5cd643186d2ae582cd4ac),platform=Linux 4.18.0-1-amd64 x86_64) (WARNING: The server did not provide any stacktrace information)
Command duration or timeout: 0 milliseconds
For documentation on this error, please visit: http://seleniumhq.org/exceptions/no_such_element.html
Build info: version: '3.14.0', revision: 'aacccce0', time: '2018-08-02T20:19:58.91Z'
System info: host: 'rutan', ip: '190.248.48.5', os.name: 'Linux', os.arch: 'amd64', os.version: '4.18.0-1-amd64', java.version: '1.8.0_181'
Driver info: org.openqa.selenium.remote.RemoteWebDriver
Capabilities {acceptInsecureCerts: false, acceptSslCerts: false, applicationCacheEnabled: false, browserConnectionEnabled: false, browserName: chrome, chrome: {chromedriverVersion: 2.42.591071 (0b695ff80972cc..., userDataDir: /tmp/.org.chromium.Chromium...}, cssSelectorsEnabled: true, databaseEnabled: false, goog:chromeOptions: {debuggerAddress: localhost:39165}, handlesAlerts: true, hasTouchScreen: false, javascriptEnabled: true, locationContextEnabled: true, mobileEmulationEnabled: false, nativeEvents: true, networkConnectionEnabled: false, pageLoadStrategy: normal, platform: LINUX, platformName: LINUX, rotatable: false, setWindowRect: true, takesHeapSnapshot: true, takesScreenshot: true, unexpectedAlertBehaviour: , unhandledPromptBehavior: , version: 71.0.3578.62, webStorageEnabled: true}
Session ID: 1ad791215ac680a0c0f5e2f4127f17ee
*** Element info: {Using=id, value=tigoune-payment-method-title}

Recargas - Recarga Valor Preestablecido seleccionando Tarjeta de Debito(Responsive de Pantallas de Recargas)  Time elapsed: 58.922 s  <<< ERROR!
org.openqa.selenium.NoSuchElementException: 
no such element: Unable to locate element: {"method":"id","selector":"tigoune-payment-method-title"}
  (Session info: headless chrome=71.0.3578.62)
  (Driver info: chromedriver=2.42.591071 (0b695ff80972cc1a65a5cd643186d2ae582cd4ac),platform=Linux 4.18.0-1-amd64 x86_64) (WARNING: The server did not provide any stacktrace information)
Command duration or timeout: 0 milliseconds
For documentation on this error, please visit: http://seleniumhq.org/exceptions/no_such_element.html
Build info: version: '3.14.0', revision: 'aacccce0', time: '2018-08-02T20:19:58.91Z'
System info: host: 'rutan', ip: '190.248.48.5', os.name: 'Linux', os.arch: 'amd64', os.version: '4.18.0-1-amd64', java.version: '1.8.0_181'
Driver info: org.openqa.selenium.remote.RemoteWebDriver
Capabilities {acceptInsecureCerts: false, acceptSslCerts: false, applicationCacheEnabled: false, browserConnectionEnabled: false, browserName: chrome, chrome: {chromedriverVersion: 2.42.591071 (0b695ff80972cc..., userDataDir: /tmp/.org.chromium.Chromium...}, cssSelectorsEnabled: true, databaseEnabled: false, goog:chromeOptions: {debuggerAddress: localhost:33375}, handlesAlerts: true, hasTouchScreen: false, javascriptEnabled: true, locationContextEnabled: true, mobileEmulationEnabled: false, nativeEvents: true, networkConnectionEnabled: false, pageLoadStrategy: normal, platform: LINUX, platformName: LINUX, rotatable: false, setWindowRect: true, takesHeapSnapshot: true, takesScreenshot: true, unexpectedAlertBehaviour: , unhandledPromptBehavior: , version: 71.0.3578.62, webStorageEnabled: true}
Session ID: e62f0061d53dd21d2fa84f680f7acde0
*** Element info: {Using=id, value=tigoune-payment-method-title}

Recargas - Recarga Valor Preestablecido seleccionando Tarjeta de Debito(Responsive de Pantallas de Recargas)  Time elapsed: 51.98 s  <<< ERROR!
org.openqa.selenium.NoSuchElementException: 
no such element: Unable to locate element: {"method":"id","selector":"tigoune-payment-method-title"}
  (Session info: headless chrome=71.0.3578.62)
  (Driver info: chromedriver=2.42.591071 (0b695ff80972cc1a65a5cd643186d2ae582cd4ac),platform=Linux 4.18.0-1-amd64 x86_64) (WARNING: The server did not provide any stacktrace information)
Command duration or timeout: 0 milliseconds
For documentation on this error, please visit: http://seleniumhq.org/exceptions/no_such_element.html
Build info: version: '3.14.0', revision: 'aacccce0', time: '2018-08-02T20:19:58.91Z'
System info: host: 'rutan', ip: '190.248.48.5', os.name: 'Linux', os.arch: 'amd64', os.version: '4.18.0-1-amd64', java.version: '1.8.0_181'
Driver info: org.openqa.selenium.remote.RemoteWebDriver
Capabilities {acceptInsecureCerts: false, acceptSslCerts: false, applicationCacheEnabled: false, browserConnectionEnabled: false, browserName: chrome, chrome: {chromedriverVersion: 2.42.591071 (0b695ff80972cc..., userDataDir: /tmp/.org.chromium.Chromium...}, cssSelectorsEnabled: true, databaseEnabled: false, goog:chromeOptions: {debuggerAddress: localhost:37309}, handlesAlerts: true, hasTouchScreen: false, javascriptEnabled: true, locationContextEnabled: true, mobileEmulationEnabled: false, nativeEvents: true, networkConnectionEnabled: false, pageLoadStrategy: normal, platform: LINUX, platformName: LINUX, rotatable: false, setWindowRect: true, takesHeapSnapshot: true, takesScreenshot: true, unexpectedAlertBehaviour: , unhandledPromptBehavior: , version: 71.0.3578.62, webStorageEnabled: true}
Session ID: 07b83a88dfd67e7a15a6cb0c946cb9c9
*** Element info: {Using=id, value=tigoune-payment-method-title}

Recargas - Recarga Valor Preestablecido seleccionando Tarjeta de Debito(Responsive de Pantallas de Recargas)  Time elapsed: 52.933 s  <<< ERROR!
org.openqa.selenium.NoSuchElementException: 
no such element: Unable to locate element: {"method":"id","selector":"tigoune-payment-method-title"}
  (Session info: headless chrome=71.0.3578.62)
  (Driver info: chromedriver=2.42.591071 (0b695ff80972cc1a65a5cd643186d2ae582cd4ac),platform=Linux 4.18.0-1-amd64 x86_64) (WARNING: The server did not provide any stacktrace information)
Command duration or timeout: 0 milliseconds
For documentation on this error, please visit: http://seleniumhq.org/exceptions/no_such_element.html
Build info: version: '3.14.0', revision: 'aacccce0', time: '2018-08-02T20:19:58.91Z'
System info: host: 'rutan', ip: '190.248.48.5', os.name: 'Linux', os.arch: 'amd64', os.version: '4.18.0-1-amd64', java.version: '1.8.0_181'
Driver info: org.openqa.selenium.remote.RemoteWebDriver
Capabilities {acceptInsecureCerts: false, acceptSslCerts: false, applicationCacheEnabled: false, browserConnectionEnabled: false, browserName: chrome, chrome: {chromedriverVersion: 2.42.591071 (0b695ff80972cc..., userDataDir: /tmp/.org.chromium.Chromium...}, cssSelectorsEnabled: true, databaseEnabled: false, goog:chromeOptions: {debuggerAddress: localhost:33813}, handlesAlerts: true, hasTouchScreen: false, javascriptEnabled: true, locationContextEnabled: true, mobileEmulationEnabled: false, nativeEvents: true, networkConnectionEnabled: false, pageLoadStrategy: normal, platform: LINUX, platformName: LINUX, rotatable: false, setWindowRect: true, takesHeapSnapshot: true, takesScreenshot: true, unexpectedAlertBehaviour: , unhandledPromptBehavior: , version: 71.0.3578.62, webStorageEnabled: true}
Session ID: 09f273d9312a345d37048e6e6e8cf887
*** Element info: {Using=id, value=tigoune-payment-method-title}

Recargas - Recarga Valor Preestablecido seleccionando Tarjeta de Debito(Responsive de Pantallas de Recargas)  Time elapsed: 55.775 s  <<< ERROR!
org.openqa.selenium.NoSuchElementException: 
no such element: Unable to locate element: {"method":"id","selector":"tigoune-payment-method-title"}
  (Session info: headless chrome=71.0.3578.62)
  (Driver info: chromedriver=2.42.591071 (0b695ff80972cc1a65a5cd643186d2ae582cd4ac),platform=Linux 4.18.0-1-amd64 x86_64) (WARNING: The server did not provide any stacktrace information)
Command duration or timeout: 0 milliseconds
For documentation on this error, please visit: http://seleniumhq.org/exceptions/no_such_element.html
Build info: version: '3.14.0', revision: 'aacccce0', time: '2018-08-02T20:19:58.91Z'
System info: host: 'rutan', ip: '190.248.48.5', os.name: 'Linux', os.arch: 'amd64', os.version: '4.18.0-1-amd64', java.version: '1.8.0_181'
Driver info: org.openqa.selenium.remote.RemoteWebDriver
Capabilities {acceptInsecureCerts: false, acceptSslCerts: false, applicationCacheEnabled: false, browserConnectionEnabled: false, browserName: chrome, chrome: {chromedriverVersion: 2.42.591071 (0b695ff80972cc..., userDataDir: /tmp/.org.chromium.Chromium...}, cssSelectorsEnabled: true, databaseEnabled: false, goog:chromeOptions: {debuggerAddress: localhost:33207}, handlesAlerts: true, hasTouchScreen: false, javascriptEnabled: true, locationContextEnabled: true, mobileEmulationEnabled: false, nativeEvents: true, networkConnectionEnabled: false, pageLoadStrategy: normal, platform: LINUX, platformName: LINUX, rotatable: false, setWindowRect: true, takesHeapSnapshot: true, takesScreenshot: true, unexpectedAlertBehaviour: , unhandledPromptBehavior: , version: 71.0.3578.62, webStorageEnabled: true}
Session ID: d6cf07fdcd9841090a35d508495340f9
*** Element info: {Using=id, value=tigoune-payment-method-title}

Recargas - Recarga Otro Valor seleccionando Tarjeta de CrÃ©dito(Responsive de Pantallas de Recargas)  Time elapsed: 48.894 s  <<< ERROR!
org.openqa.selenium.NoSuchElementException: 
no such element: Unable to locate element: {"method":"id","selector":"tigoune-payment-method-title"}
  (Session info: headless chrome=71.0.3578.62)
  (Driver info: chromedriver=2.42.591071 (0b695ff80972cc1a65a5cd643186d2ae582cd4ac),platform=Linux 4.18.0-1-amd64 x86_64) (WARNING: The server did not provide any stacktrace information)
Command duration or timeout: 0 milliseconds
For documentation on this error, please visit: http://seleniumhq.org/exceptions/no_such_element.html
Build info: version: '3.14.0', revision: 'aacccce0', time: '2018-08-02T20:19:58.91Z'
System info: host: 'rutan', ip: '190.248.48.5', os.name: 'Linux', os.arch: 'amd64', os.version: '4.18.0-1-amd64', java.version: '1.8.0_181'
Driver info: org.openqa.selenium.remote.RemoteWebDriver
Capabilities {acceptInsecureCerts: false, acceptSslCerts: false, applicationCacheEnabled: false, browserConnectionEnabled: false, browserName: chrome, chrome: {chromedriverVersion: 2.42.591071 (0b695ff80972cc..., userDataDir: /tmp/.org.chromium.Chromium...}, cssSelectorsEnabled: true, databaseEnabled: false, goog:chromeOptions: {debuggerAddress: localhost:36485}, handlesAlerts: true, hasTouchScreen: false, javascriptEnabled: true, locationContextEnabled: true, mobileEmulationEnabled: false, nativeEvents: true, networkConnectionEnabled: false, pageLoadStrategy: normal, platform: LINUX, platformName: LINUX, rotatable: false, setWindowRect: true, takesHeapSnapshot: true, takesScreenshot: true, unexpectedAlertBehaviour: , unhandledPromptBehavior: , version: 71.0.3578.62, webStorageEnabled: true}
Session ID: 31a91d95bb612ecd66c0646c13272576
*** Element info: {Using=id, value=tigoune-payment-method-title}

Recargas - Recarga Otro Valor seleccionando Tarjeta de CrÃ©dito(Responsive de Pantallas de Recargas)  Time elapsed: 53.523 s  <<< ERROR!
org.openqa.selenium.NoSuchElementException: 
no such element: Unable to locate element: {"method":"id","selector":"tigoune-payment-method-title"}
  (Session info: headless chrome=71.0.3578.62)
  (Driver info: chromedriver=2.42.591071 (0b695ff80972cc1a65a5cd643186d2ae582cd4ac),platform=Linux 4.18.0-1-amd64 x86_64) (WARNING: The server did not provide any stacktrace information)
Command duration or timeout: 0 milliseconds
For documentation on this error, please visit: http://seleniumhq.org/exceptions/no_such_element.html
Build info: version: '3.14.0', revision: 'aacccce0', time: '2018-08-02T20:19:58.91Z'
System info: host: 'rutan', ip: '190.248.48.5', os.name: 'Linux', os.arch: 'amd64', os.version: '4.18.0-1-amd64', java.version: '1.8.0_181'
Driver info: org.openqa.selenium.remote.RemoteWebDriver
Capabilities {acceptInsecureCerts: false, acceptSslCerts: false, applicationCacheEnabled: false, browserConnectionEnabled: false, browserName: chrome, chrome: {chromedriverVersion: 2.42.591071 (0b695ff80972cc..., userDataDir: /tmp/.org.chromium.Chromium...}, cssSelectorsEnabled: true, databaseEnabled: false, goog:chromeOptions: {debuggerAddress: localhost:33687}, handlesAlerts: true, hasTouchScreen: false, javascriptEnabled: true, locationContextEnabled: true, mobileEmulationEnabled: false, nativeEvents: true, networkConnectionEnabled: false, pageLoadStrategy: normal, platform: LINUX, platformName: LINUX, rotatable: false, setWindowRect: true, takesHeapSnapshot: true, takesScreenshot: true, unexpectedAlertBehaviour: , unhandledPromptBehavior: , version: 71.0.3578.62, webStorageEnabled: true}
Session ID: 88454593543aa6929c92a68258668216
*** Element info: {Using=id, value=tigoune-payment-method-title}

Recargas - Recarga Otro Valor seleccionando Tarjeta de CrÃ©dito(Responsive de Pantallas de Recargas)  Time elapsed: 61.991 s  <<< ERROR!
org.openqa.selenium.NoSuchElementException: 
no such element: Unable to locate element: {"method":"id","selector":"tigoune-payment-method-title"}
  (Session info: headless chrome=71.0.3578.62)
  (Driver info: chromedriver=2.42.591071 (0b695ff80972cc1a65a5cd643186d2ae582cd4ac),platform=Linux 4.18.0-1-amd64 x86_64) (WARNING: The server did not provide any stacktrace information)
Command duration or timeout: 0 milliseconds
For documentation on this error, please visit: http://seleniumhq.org/exceptions/no_such_element.html
Build info: version: '3.14.0', revision: 'aacccce0', time: '2018-08-02T20:19:58.91Z'
System info: host: 'rutan', ip: '190.248.48.5', os.name: 'Linux', os.arch: 'amd64', os.version: '4.18.0-1-amd64', java.version: '1.8.0_181'
Driver info: org.openqa.selenium.remote.RemoteWebDriver
Capabilities {acceptInsecureCerts: false, acceptSslCerts: false, applicationCacheEnabled: false, browserConnectionEnabled: false, browserName: chrome, chrome: {chromedriverVersion: 2.42.591071 (0b695ff80972cc..., userDataDir: /tmp/.org.chromium.Chromium...}, cssSelectorsEnabled: true, databaseEnabled: false, goog:chromeOptions: {debuggerAddress: localhost:44391}, handlesAlerts: true, hasTouchScreen: false, javascriptEnabled: true, locationContextEnabled: true, mobileEmulationEnabled: false, nativeEvents: true, networkConnectionEnabled: false, pageLoadStrategy: normal, platform: LINUX, platformName: LINUX, rotatable: false, setWindowRect: true, takesHeapSnapshot: true, takesScreenshot: true, unexpectedAlertBehaviour: , unhandledPromptBehavior: , version: 71.0.3578.62, webStorageEnabled: true}
Session ID: aa55502fd3c1fbf5969e2ac4b2a25c0f
*** Element info: {Using=id, value=tigoune-payment-method-title}

Recargas - Recarga Otro Valor seleccionando Tarjeta de CrÃ©dito(Responsive de Pantallas de Recargas)  Time elapsed: 56.273 s  <<< ERROR!
org.openqa.selenium.NoSuchElementException: 
no such element: Unable to locate element: {"method":"id","selector":"tigoune-payment-method-title"}
  (Session info: headless chrome=71.0.3578.62)
  (Driver info: chromedriver=2.42.591071 (0b695ff80972cc1a65a5cd643186d2ae582cd4ac),platform=Linux 4.18.0-1-amd64 x86_64) (WARNING: The server did not provide any stacktrace information)
Command duration or timeout: 0 milliseconds
For documentation on this error, please visit: http://seleniumhq.org/exceptions/no_such_element.html
Build info: version: '3.14.0', revision: 'aacccce0', time: '2018-08-02T20:19:58.91Z'
System info: host: 'rutan', ip: '190.248.48.5', os.name: 'Linux', os.arch: 'amd64', os.version: '4.18.0-1-amd64', java.version: '1.8.0_181'
Driver info: org.openqa.selenium.remote.RemoteWebDriver
Capabilities {acceptInsecureCerts: false, acceptSslCerts: false, applicationCacheEnabled: false, browserConnectionEnabled: false, browserName: chrome, chrome: {chromedriverVersion: 2.42.591071 (0b695ff80972cc..., userDataDir: /tmp/.org.chromium.Chromium...}, cssSelectorsEnabled: true, databaseEnabled: false, goog:chromeOptions: {debuggerAddress: localhost:41063}, handlesAlerts: true, hasTouchScreen: false, javascriptEnabled: true, locationContextEnabled: true, mobileEmulationEnabled: false, nativeEvents: true, networkConnectionEnabled: false, pageLoadStrategy: normal, platform: LINUX, platformName: LINUX, rotatable: false, setWindowRect: true, takesHeapSnapshot: true, takesScreenshot: true, unexpectedAlertBehaviour: , unhandledPromptBehavior: , version: 71.0.3578.62, webStorageEnabled: true}
Session ID: ce87a297ef6ef2dfaa3d8f839520ae45
*** Element info: {Using=id, value=tigoune-payment-method-title}

Recargas - Recarga Otro Valor seleccionando Tarjeta de CrÃ©dito(Responsive de Pantallas de Recargas)  Time elapsed: 68.982 s  <<< ERROR!
org.openqa.selenium.NoSuchElementException: 
no such element: Unable to locate element: {"method":"id","selector":"tigoune-payment-method-title"}
  (Session info: headless chrome=71.0.3578.62)
  (Driver info: chromedriver=2.42.591071 (0b695ff80972cc1a65a5cd643186d2ae582cd4ac),platform=Linux 4.18.0-1-amd64 x86_64) (WARNING: The server did not provide any stacktrace information)
Command duration or timeout: 0 milliseconds
For documentation on this error, please visit: http://seleniumhq.org/exceptions/no_such_element.html
Build info: version: '3.14.0', revision: 'aacccce0', time: '2018-08-02T20:19:58.91Z'
System info: host: 'rutan', ip: '190.248.48.5', os.name: 'Linux', os.arch: 'amd64', os.version: '4.18.0-1-amd64', java.version: '1.8.0_181'
Driver info: org.openqa.selenium.remote.RemoteWebDriver
Capabilities {acceptInsecureCerts: false, acceptSslCerts: false, applicationCacheEnabled: false, browserConnectionEnabled: false, browserName: chrome, chrome: {chromedriverVersion: 2.42.591071 (0b695ff80972cc..., userDataDir: /tmp/.org.chromium.Chromium...}, cssSelectorsEnabled: true, databaseEnabled: false, goog:chromeOptions: {debuggerAddress: localhost:37813}, handlesAlerts: true, hasTouchScreen: false, javascriptEnabled: true, locationContextEnabled: true, mobileEmulationEnabled: false, nativeEvents: true, networkConnectionEnabled: false, pageLoadStrategy: normal, platform: LINUX, platformName: LINUX, rotatable: false, setWindowRect: true, takesHeapSnapshot: true, takesScreenshot: true, unexpectedAlertBehaviour: , unhandledPromptBehavior: , version: 71.0.3578.62, webStorageEnabled: true}
Session ID: 40dcd4606a58c7e07e030c1df72888f4
*** Element info: {Using=id, value=tigoune-payment-method-title}

Recargas - Recarga Otro Valor seleccionando Tarjeta de Debito(Responsive de Pantallas de Recargas)  Time elapsed: 61.493 s  <<< ERROR!
org.openqa.selenium.NoSuchElementException: 
no such element: Unable to locate element: {"method":"id","selector":"tigoune-payment-method-title"}
  (Session info: headless chrome=71.0.3578.62)
  (Driver info: chromedriver=2.42.591071 (0b695ff80972cc1a65a5cd643186d2ae582cd4ac),platform=Linux 4.18.0-1-amd64 x86_64) (WARNING: The server did not provide any stacktrace information)
Command duration or timeout: 0 milliseconds
For documentation on this error, please visit: http://seleniumhq.org/exceptions/no_such_element.html
Build info: version: '3.14.0', revision: 'aacccce0', time: '2018-08-02T20:19:58.91Z'
System info: host: 'rutan', ip: '190.248.48.5', os.name: 'Linux', os.arch: 'amd64', os.version: '4.18.0-1-amd64', java.version: '1.8.0_181'
Driver info: org.openqa.selenium.remote.RemoteWebDriver
Capabilities {acceptInsecureCerts: false, acceptSslCerts: false, applicationCacheEnabled: false, browserConnectionEnabled: false, browserName: chrome, chrome: {chromedriverVersion: 2.42.591071 (0b695ff80972cc..., userDataDir: /tmp/.org.chromium.Chromium...}, cssSelectorsEnabled: true, databaseEnabled: false, goog:chromeOptions: {debuggerAddress: localhost:35655}, handlesAlerts: true, hasTouchScreen: false, javascriptEnabled: true, locationContextEnabled: true, mobileEmulationEnabled: false, nativeEvents: true, networkConnectionEnabled: false, pageLoadStrategy: normal, platform: LINUX, platformName: LINUX, rotatable: false, setWindowRect: true, takesHeapSnapshot: true, takesScreenshot: true, unexpectedAlertBehaviour: , unhandledPromptBehavior: , version: 71.0.3578.62, webStorageEnabled: true}
Session ID: 21bc24657a4f961f8a01838e5b4e143b
*** Element info: {Using=id, value=tigoune-payment-method-title}

Recargas - Recarga Otro Valor seleccionando Tarjeta de Debito(Responsive de Pantallas de Recargas)  Time elapsed: 63.027 s  <<< ERROR!
org.openqa.selenium.NoSuchElementException: 
no such element: Unable to locate element: {"method":"id","selector":"tigoune-payment-method-title"}
  (Session info: headless chrome=71.0.3578.62)
  (Driver info: chromedriver=2.42.591071 (0b695ff80972cc1a65a5cd643186d2ae582cd4ac),platform=Linux 4.18.0-1-amd64 x86_64) (WARNING: The server did not provide any stacktrace information)
Command duration or timeout: 0 milliseconds
For documentation on this error, please visit: http://seleniumhq.org/exceptions/no_such_element.html
Build info: version: '3.14.0', revision: 'aacccce0', time: '2018-08-02T20:19:58.91Z'
System info: host: 'rutan', ip: '190.248.48.5', os.name: 'Linux', os.arch: 'amd64', os.version: '4.18.0-1-amd64', java.version: '1.8.0_181'
Driver info: org.openqa.selenium.remote.RemoteWebDriver
Capabilities {acceptInsecureCerts: false, acceptSslCerts: false, applicationCacheEnabled: false, browserConnectionEnabled: false, browserName: chrome, chrome: {chromedriverVersion: 2.42.591071 (0b695ff80972cc..., userDataDir: /tmp/.org.chromium.Chromium...}, cssSelectorsEnabled: true, databaseEnabled: false, goog:chromeOptions: {debuggerAddress: localhost:33877}, handlesAlerts: true, hasTouchScreen: false, javascriptEnabled: true, locationContextEnabled: true, mobileEmulationEnabled: false, nativeEvents: true, networkConnectionEnabled: false, pageLoadStrategy: normal, platform: LINUX, platformName: LINUX, rotatable: false, setWindowRect: true, takesHeapSnapshot: true, takesScreenshot: true, unexpectedAlertBehaviour: , unhandledPromptBehavior: , version: 71.0.3578.62, webStorageEnabled: true}
Session ID: 3c1fa6457c79830cd591b964f4222ea0
*** Element info: {Using=id, value=tigoune-payment-method-title}

Recargas - Recarga Otro Valor seleccionando Tarjeta de Debito(Responsive de Pantallas de Recargas)  Time elapsed: 49.867 s  <<< ERROR!
org.openqa.selenium.NoSuchElementException: 
no such element: Unable to locate element: {"method":"id","selector":"tigoune-payment-method-title"}
  (Session info: headless chrome=71.0.3578.62)
  (Driver info: chromedriver=2.42.591071 (0b695ff80972cc1a65a5cd643186d2ae582cd4ac),platform=Linux 4.18.0-1-amd64 x86_64) (WARNING: The server did not provide any stacktrace information)
Command duration or timeout: 0 milliseconds
For documentation on this error, please visit: http://seleniumhq.org/exceptions/no_such_element.html
Build info: version: '3.14.0', revision: 'aacccce0', time: '2018-08-02T20:19:58.91Z'
System info: host: 'rutan', ip: '190.248.48.5', os.name: 'Linux', os.arch: 'amd64', os.version: '4.18.0-1-amd64', java.version: '1.8.0_181'
Driver info: org.openqa.selenium.remote.RemoteWebDriver
Capabilities {acceptInsecureCerts: false, acceptSslCerts: false, applicationCacheEnabled: false, browserConnectionEnabled: false, browserName: chrome, chrome: {chromedriverVersion: 2.42.591071 (0b695ff80972cc..., userDataDir: /tmp/.org.chromium.Chromium...}, cssSelectorsEnabled: true, databaseEnabled: false, goog:chromeOptions: {debuggerAddress: localhost:33319}, handlesAlerts: true, hasTouchScreen: false, javascriptEnabled: true, locationContextEnabled: true, mobileEmulationEnabled: false, nativeEvents: true, networkConnectionEnabled: false, pageLoadStrategy: normal, platform: LINUX, platformName: LINUX, rotatable: false, setWindowRect: true, takesHeapSnapshot: true, takesScreenshot: true, unexpectedAlertBehaviour: , unhandledPromptBehavior: , version: 71.0.3578.62, webStorageEnabled: true}
Session ID: 36fb5f86bd4ef6b6128baa095595a914
*** Element info: {Using=id, value=tigoune-payment-method-title}

Recargas - Recarga Otro Valor seleccionando Tarjeta de Debito(Responsive de Pantallas de Recargas)  Time elapsed: 54.8 s  <<< ERROR!
org.openqa.selenium.NoSuchElementException: 
no such element: Unable to locate element: {"method":"id","selector":"tigoune-payment-method-title"}
  (Session info: headless chrome=71.0.3578.62)
  (Driver info: chromedriver=2.42.591071 (0b695ff80972cc1a65a5cd643186d2ae582cd4ac),platform=Linux 4.18.0-1-amd64 x86_64) (WARNING: The server did not provide any stacktrace information)
Command duration or timeout: 0 milliseconds
For documentation on this error, please visit: http://seleniumhq.org/exceptions/no_such_element.html
Build info: version: '3.14.0', revision: 'aacccce0', time: '2018-08-02T20:19:58.91Z'
System info: host: 'rutan', ip: '190.248.48.5', os.name: 'Linux', os.arch: 'amd64', os.version: '4.18.0-1-amd64', java.version: '1.8.0_181'
Driver info: org.openqa.selenium.remote.RemoteWebDriver
Capabilities {acceptInsecureCerts: false, acceptSslCerts: false, applicationCacheEnabled: false, browserConnectionEnabled: false, browserName: chrome, chrome: {chromedriverVersion: 2.42.591071 (0b695ff80972cc..., userDataDir: /tmp/.org.chromium.Chromium...}, cssSelectorsEnabled: true, databaseEnabled: false, goog:chromeOptions: {debuggerAddress: localhost:45647}, handlesAlerts: true, hasTouchScreen: false, javascriptEnabled: true, locationContextEnabled: true, mobileEmulationEnabled: false, nativeEvents: true, networkConnectionEnabled: false, pageLoadStrategy: normal, platform: LINUX, platformName: LINUX, rotatable: false, setWindowRect: true, takesHeapSnapshot: true, takesScreenshot: true, unexpectedAlertBehaviour: , unhandledPromptBehavior: , version: 71.0.3578.62, webStorageEnabled: true}
Session ID: ec18bb1f19e69f2fde74e580e5480a5f
*** Element info: {Using=id, value=tigoune-payment-method-title}

Recargas - Recarga Otro Valor seleccionando Tarjeta de Debito(Responsive de Pantallas de Recargas)  Time elapsed: 67.159 s  <<< ERROR!
org.openqa.selenium.NoSuchElementException: 
no such element: Unable to locate element: {"method":"id","selector":"tigoune-payment-method-title"}
  (Session info: headless chrome=71.0.3578.62)
  (Driver info: chromedriver=2.42.591071 (0b695ff80972cc1a65a5cd643186d2ae582cd4ac),platform=Linux 4.18.0-1-amd64 x86_64) (WARNING: The server did not provide any stacktrace information)
Command duration or timeout: 0 milliseconds
For documentation on this error, please visit: http://seleniumhq.org/exceptions/no_such_element.html
Build info: version: '3.14.0', revision: 'aacccce0', time: '2018-08-02T20:19:58.91Z'
System info: host: 'rutan', ip: '190.248.48.5', os.name: 'Linux', os.arch: 'amd64', os.version: '4.18.0-1-amd64', java.version: '1.8.0_181'
Driver info: org.openqa.selenium.remote.RemoteWebDriver
Capabilities {acceptInsecureCerts: false, acceptSslCerts: false, applicationCacheEnabled: false, browserConnectionEnabled: false, browserName: chrome, chrome: {chromedriverVersion: 2.42.591071 (0b695ff80972cc..., userDataDir: /tmp/.org.chromium.Chromium...}, cssSelectorsEnabled: true, databaseEnabled: false, goog:chromeOptions: {debuggerAddress: localhost:42935}, handlesAlerts: true, hasTouchScreen: false, javascriptEnabled: true, locationContextEnabled: true, mobileEmulationEnabled: false, nativeEvents: true, networkConnectionEnabled: false, pageLoadStrategy: normal, platform: LINUX, platformName: LINUX, rotatable: false, setWindowRect: true, takesHeapSnapshot: true, takesScreenshot: true, unexpectedAlertBehaviour: , unhandledPromptBehavior: , version: 71.0.3578.62, webStorageEnabled: true}
Session ID: 00db35120c6bd138a7294425898ef137
*** Element info: {Using=id, value=tigoune-payment-method-title}
